[ 2017-12-09T08:48:46+08:00 ] 127.0.0.1 /index.php/Admin/Login/ajaxlogin
INFO: [ app_begin ] --START--
INFO: Run Behavior\ReadHtmlCacheBehavior [ RunTime:0.000665s ]
INFO: [ app_begin ] --END-- [ RunTime:0.001037s ]
SQL: SHOW COLUMNS FROM `tpshop_manager` [ RunTime:0.0267s ]
SQL: SELECT * FROM `tpshop_manager` WHERE `username` = 'admin' LIMIT 1   [ RunTime:0.0004s ]

[ 2017-12-09T08:50:02+08:00 ] 127.0.0.1 /index.php/Admin/Goods/getattr
INFO: [ app_begin ] --START--
INFO: Run Behavior\ReadHtmlCacheBehavior [ RunTime:0.001120s ]
INFO: [ app_begin ] --END-- [ RunTime:0.001598s ]
SQL: SHOW COLUMNS FROM `tpshop_auth` [ RunTime:0.0580s ]
SQL: SELECT * FROM `tpshop_auth` WHERE ( pid = 0 and is_nav = 1 )  [ RunTime:0.0006s ]
SQL: SELECT * FROM `tpshop_auth` WHERE ( pid > 0 and is_nav = 1 )  [ RunTime:0.0006s ]
SQL: SHOW COLUMNS FROM `tpshop_attribute` [ RunTime:0.1410s ]
SQL: SELECT * FROM `tpshop_attribute` WHERE `type_id` = 11  [ RunTime:0.0006s ]

[ 2017-12-09T19:24:35+08:00 ] 127.0.0.1 /index.php/Admin/Login/ajaxlogin
INFO: [ app_begin ] --START--
INFO: Run Behavior\ReadHtmlCacheBehavior [ RunTime:0.000664s ]
INFO: [ app_begin ] --END-- [ RunTime:0.001025s ]

[ 2017-12-09T19:24:37+08:00 ] 127.0.0.1 /index.php/Admin/Login/ajaxlogin
INFO: [ app_begin ] --START--
INFO: Run Behavior\ReadHtmlCacheBehavior [ RunTime:0.000665s ]
INFO: [ app_begin ] --END-- [ RunTime:0.001032s ]

[ 2017-12-09T19:24:38+08:00 ] 127.0.0.1 /index.php/Admin/Login/ajaxlogin
INFO: [ app_begin ] --START--
INFO: Run Behavior\ReadHtmlCacheBehavior [ RunTime:0.000673s ]
INFO: [ app_begin ] --END-- [ RunTime:0.001031s ]

[ 2017-12-09T19:24:38+08:00 ] 127.0.0.1 /index.php/Admin/Login/ajaxlogin
INFO: [ app_begin ] --START--
INFO: Run Behavior\ReadHtmlCacheBehavior [ RunTime:0.000672s ]
INFO: [ app_begin ] --END-- [ RunTime:0.001041s ]

[ 2017-12-09T19:24:38+08:00 ] 127.0.0.1 /index.php/Admin/Login/ajaxlogin
INFO: [ app_begin ] --START--
INFO: Run Behavior\ReadHtmlCacheBehavior [ RunTime:0.001094s ]
INFO: [ app_begin ] --END-- [ RunTime:0.001799s ]

[ 2017-12-09T19:25:04+08:00 ] 127.0.0.1 /index.php/Admin/Login/ajaxlogin
INFO: [ app_begin ] --START--
INFO: Run Behavior\ReadHtmlCacheBehavior [ RunTime:0.000674s ]
INFO: [ app_begin ] --END-- [ RunTime:0.001066s ]

[ 2017-12-09T19:25:27+08:00 ] 127.0.0.1 /index.php/Admin/Login/ajaxlogin
INFO: [ app_begin ] --START--
INFO: Run Behavior\ReadHtmlCacheBehavior [ RunTime:0.000674s ]
INFO: [ app_begin ] --END-- [ RunTime:0.001053s ]
SQL: SHOW COLUMNS FROM `tpshop_manager` [ RunTime:0.1360s ]
SQL: SELECT * FROM `tpshop_manager` WHERE `username` = 'admin' LIMIT 1   [ RunTime:0.0007s ]

[ 2017-12-09T19:26:09+08:00 ] 127.0.0.1 /index.php/Admin/Login/ajaxlogin
INFO: [ app_begin ] --START--
INFO: Run Behavior\ReadHtmlCacheBehavior [ RunTime:0.000668s ]
INFO: [ app_begin ] --END-- [ RunTime:0.001136s ]
SQL: SHOW COLUMNS FROM `tpshop_manager` [ RunTime:0.0608s ]
SQL: SELECT * FROM `tpshop_manager` WHERE `username` = 'admin' LIMIT 1   [ RunTime:0.0004s ]

[ 2017-12-09T19:29:17+08:00 ] 127.0.0.1 /index.php/Admin/Login/ajaxlogin
INFO: [ app_begin ] --START--
INFO: Run Behavior\ReadHtmlCacheBehavior [ RunTime:0.001112s ]
INFO: [ app_begin ] --END-- [ RunTime:0.001482s ]
SQL: SHOW COLUMNS FROM `tpshop_manager` [ RunTime:0.1364s ]
SQL: SELECT * FROM `tpshop_manager` WHERE `username` = 'admin' LIMIT 1   [ RunTime:0.0009s ]

[ 2017-12-09T19:31:45+08:00 ] 127.0.0.1 /index.php/Admin/Login/ajaxlogin
INFO: [ app_begin ] --START--
INFO: Run Behavior\ReadHtmlCacheBehavior [ RunTime:0.000671s ]
INFO: [ app_begin ] --END-- [ RunTime:0.001156s ]
SQL: SHOW COLUMNS FROM `tpshop_manager` [ RunTime:0.0560s ]
SQL: SELECT * FROM `tpshop_manager` WHERE `username` = 'admin' LIMIT 1   [ RunTime:0.0006s ]

[ 2017-12-09T19:32:28+08:00 ] 127.0.0.1 /index.php/Admin/Login/ajaxlogin
INFO: [ app_begin ] --START--
INFO: Run Behavior\ReadHtmlCacheBehavior [ RunTime:0.000772s ]
INFO: [ app_begin ] --END-- [ RunTime:0.001231s ]
SQL: SHOW COLUMNS FROM `tpshop_manager` [ RunTime:0.0395s ]
SQL: SELECT * FROM `tpshop_manager` WHERE `username` = 'admin' LIMIT 1   [ RunTime:0.0003s ]

[ 2017-12-09T19:33:01+08:00 ] 127.0.0.1 /index.php/Admin/Login/ajaxlogin
INFO: [ app_begin ] --START--
INFO: Run Behavior\ReadHtmlCacheBehavior [ RunTime:0.001115s ]
INFO: [ app_begin ] --END-- [ RunTime:0.001478s ]

[ 2017-12-09T19:33:11+08:00 ] 127.0.0.1 /index.php/Admin/Login/ajaxlogin
INFO: [ app_begin ] --START--
INFO: Run Behavior\ReadHtmlCacheBehavior [ RunTime:0.001128s ]
INFO: [ app_begin ] --END-- [ RunTime:0.001543s ]
SQL: SHOW COLUMNS FROM `tpshop_manager` [ RunTime:0.0593s ]
SQL: SELECT * FROM `tpshop_manager` WHERE `username` = 'admin' LIMIT 1   [ RunTime:0.0005s ]

[ 2017-12-09T19:50:16+08:00 ] 127.0.0.1 /index.php/Admin/Login/ajaxlogin
INFO: [ app_begin ] --START--
INFO: Run Behavior\ReadHtmlCacheBehavior [ RunTime:0.001259s ]
INFO: [ app_begin ] --END-- [ RunTime:0.001715s ]
SQL: SHOW COLUMNS FROM `tpshop_manager` [ RunTime:0.0408s ]
SQL: SELECT * FROM `tpshop_manager` WHERE `username` = 'admin' LIMIT 1   [ RunTime:0.0006s ]

[ 2017-12-09T19:50:19+08:00 ] 127.0.0.1 /index.php/Admin/Login/ajaxlogin
INFO: [ app_begin ] --START--
INFO: Run Behavior\ReadHtmlCacheBehavior [ RunTime:0.001136s ]
INFO: [ app_begin ] --END-- [ RunTime:0.001501s ]

[ 2017-12-09T19:50:33+08:00 ] 127.0.0.1 /index.php/Admin/Login/ajaxlogin
INFO: [ app_begin ] --START--
INFO: Run Behavior\ReadHtmlCacheBehavior [ RunTime:0.001362s ]
INFO: [ app_begin ] --END-- [ RunTime:0.001884s ]
SQL: SHOW COLUMNS FROM `tpshop_manager` [ RunTime:0.0592s ]
SQL: SELECT * FROM `tpshop_manager` WHERE `username` = 'admin' LIMIT 1   [ RunTime:0.0009s ]

[ 2017-12-09T21:19:13+08:00 ] 127.0.0.1 /index.php/Admin/Login/ajaxlogin
INFO: [ app_begin ] --START--
INFO: Run Behavior\ReadHtmlCacheBehavior [ RunTime:0.001001s ]
INFO: [ app_begin ] --END-- [ RunTime:0.001504s ]

[ 2017-12-09T21:19:24+08:00 ] 127.0.0.1 /index.php/Admin/Login/ajaxlogin
INFO: [ app_begin ] --START--
INFO: Run Behavior\ReadHtmlCacheBehavior [ RunTime:0.002000s ]
INFO: [ app_begin ] --END-- [ RunTime:0.004367s ]

