[ 2017-12-19T08:42:37+08:00 ] 127.0.0.1 /index.php/Admin/Login/ajaxlogin
INFO: [ app_begin ] --START--
INFO: Run Behavior\ReadHtmlCacheBehavior [ RunTime:0.001101s ]
INFO: [ app_begin ] --END-- [ RunTime:0.001461s ]
NOTIC: [2] session_start(): open(C:\php\tmp\tmp\sess_k47le8nuhuagrhsg48582guiq3, O_RDWR) failed: No such file or directory (2) C:\tpshop\ThinkPHP\Common\functions.php 第 1263 行.

[ 2017-12-19T08:42:50+08:00 ] 127.0.0.1 /index.php/Admin/Login/ajaxlogin
INFO: [ app_begin ] --START--
INFO: Run Behavior\ReadHtmlCacheBehavior [ RunTime:0.001181s ]
INFO: [ app_begin ] --END-- [ RunTime:0.001636s ]
NOTIC: [2] session_start(): open(C:\php\tmp\tmp\sess_k47le8nuhuagrhsg48582guiq3, O_RDWR) failed: No such file or directory (2) C:\tpshop\ThinkPHP\Common\functions.php 第 1263 行.

[ 2017-12-19T08:43:07+08:00 ] 127.0.0.1 /index.php/Admin/Login/ajaxlogin
INFO: [ app_begin ] --START--
INFO: Run Behavior\ReadHtmlCacheBehavior [ RunTime:0.001174s ]
INFO: [ app_begin ] --END-- [ RunTime:0.001570s ]
NOTIC: [2] session_start(): open(C:\php\tmp\tmp\sess_k47le8nuhuagrhsg48582guiq3, O_RDWR) failed: No such file or directory (2) C:\tpshop\ThinkPHP\Common\functions.php 第 1263 行.

[ 2017-12-19T08:46:35+08:00 ] 127.0.0.1 /index.php/Admin/Login/ajaxlogin
INFO: [ app_begin ] --START--
INFO: Run Behavior\ReadHtmlCacheBehavior [ RunTime:0.001852s ]
INFO: [ app_begin ] --END-- [ RunTime:0.002603s ]
NOTIC: [2] session_start(): open(C:\php\tmp\tmp\sess_k47le8nuhuagrhsg48582guiq3, O_RDWR) failed: No such file or directory (2) C:\tpshop\ThinkPHP\Common\functions.php 第 1263 行.

[ 2017-12-19T08:46:51+08:00 ] 127.0.0.1 /index.php/Admin/Login/ajaxlogin
INFO: [ app_begin ] --START--
INFO: Run Behavior\ReadHtmlCacheBehavior [ RunTime:0.001642s ]
INFO: [ app_begin ] --END-- [ RunTime:0.002544s ]
NOTIC: [2] session_start(): open(C:\php\tmp\tmp\sess_k47le8nuhuagrhsg48582guiq3, O_RDWR) failed: No such file or directory (2) C:\tpshop\ThinkPHP\Common\functions.php 第 1263 行.

[ 2017-12-19T08:47:09+08:00 ] 127.0.0.1 /index.php/Admin/Login/ajaxlogin
INFO: [ app_begin ] --START--
INFO: Run Behavior\ReadHtmlCacheBehavior [ RunTime:0.003324s ]
INFO: [ app_begin ] --END-- [ RunTime:0.003982s ]
NOTIC: [2] session_start(): open(C:\php\tmp\tmp\sess_k47le8nuhuagrhsg48582guiq3, O_RDWR) failed: No such file or directory (2) C:\tpshop\ThinkPHP\Common\functions.php 第 1263 行.

[ 2017-12-19T08:48:56+08:00 ] 127.0.0.1 /index.php/Admin/Login/ajaxlogin
INFO: [ app_begin ] --START--
INFO: Run Behavior\ReadHtmlCacheBehavior [ RunTime:0.001156s ]
INFO: [ app_begin ] --END-- [ RunTime:0.001626s ]
NOTIC: [2] session_start(): open(C:\php\tmp\tmp\sess_k47le8nuhuagrhsg48582guiq3, O_RDWR) failed: No such file or directory (2) C:\tpshop\ThinkPHP\Common\functions.php 第 1263 行.

[ 2017-12-19T08:50:48+08:00 ] 127.0.0.1 /index.php/Admin/Login/ajaxlogin
INFO: [ app_begin ] --START--
INFO: Run Behavior\ReadHtmlCacheBehavior [ RunTime:0.002712s ]
INFO: [ app_begin ] --END-- [ RunTime:0.003218s ]
NOTIC: [2] session_start(): open(C:\php\tmp\tmp\sess_k47le8nuhuagrhsg48582guiq3, O_RDWR) failed: No such file or directory (2) C:\tpshop\ThinkPHP\Common\functions.php 第 1263 行.

[ 2017-12-19T08:51:25+08:00 ] 127.0.0.1 /index.php/Admin/Login/ajaxlogin
INFO: [ app_begin ] --START--
INFO: Run Behavior\ReadHtmlCacheBehavior [ RunTime:0.001905s ]
INFO: [ app_begin ] --END-- [ RunTime:0.002352s ]
NOTIC: [2] session_start(): open(C:\php\tmp\tmp\sess_k47le8nuhuagrhsg48582guiq3, O_RDWR) failed: No such file or directory (2) C:\tpshop\ThinkPHP\Common\functions.php 第 1263 行.
SQL: SHOW COLUMNS FROM `tpshop_manager` [ RunTime:0.0696s ]
SQL: SELECT * FROM `tpshop_manager` WHERE `username` = 'admin' LIMIT 1   [ RunTime:0.0014s ]

[ 2017-12-19T08:52:20+08:00 ] 127.0.0.1 /index.php/Admin/Login/ajaxlogin
INFO: [ app_begin ] --START--
INFO: Run Behavior\ReadHtmlCacheBehavior [ RunTime:0.000728s ]
INFO: [ app_begin ] --END-- [ RunTime:0.001106s ]
NOTIC: [2] session_start(): open(C:\php\tmp\tmp\sess_vf1v5avpb9cfie0l197hu1v314, O_RDWR) failed: No such file or directory (2) C:\tpshop\ThinkPHP\Common\functions.php 第 1263 行.

[ 2017-12-19T08:52:59+08:00 ] 127.0.0.1 /index.php/Admin/Login/ajaxlogin
INFO: [ app_begin ] --START--
INFO: Run Behavior\ReadHtmlCacheBehavior [ RunTime:0.001251s ]
INFO: [ app_begin ] --END-- [ RunTime:0.001804s ]
NOTIC: [2] session_start(): open(C:\php\tmp\tmp\sess_vf1v5avpb9cfie0l197hu1v314, O_RDWR) failed: No such file or directory (2) C:\tpshop\ThinkPHP\Common\functions.php 第 1263 行.

[ 2017-12-19T08:57:06+08:00 ] 127.0.0.1 /index.php/Admin/Login/ajaxlogin
INFO: [ app_begin ] --START--
INFO: Run Behavior\ReadHtmlCacheBehavior [ RunTime:0.001718s ]
INFO: [ app_begin ] --END-- [ RunTime:0.002260s ]
NOTIC: [2] session_start(): open(C:\php\tmp\tmp\sess_i7fblpujrpkle26fr69b56i0a2, O_RDWR) failed: No such file or directory (2) C:\tpshop\ThinkPHP\Common\functions.php 第 1263 行.
NOTIC: [8] session_start(): ps_files_cleanup_dir: opendir(C:\php\tmp\tmp) failed: No such file or directory (2) C:\tpshop\ThinkPHP\Common\functions.php 第 1263 行.

[ 2017-12-19T08:57:16+08:00 ] 127.0.0.1 /index.php/Admin/Login/ajaxlogin
INFO: [ app_begin ] --START--
INFO: Run Behavior\ReadHtmlCacheBehavior [ RunTime:0.001229s ]
INFO: [ app_begin ] --END-- [ RunTime:0.001795s ]
NOTIC: [2] session_start(): open(C:\php\tmp\tmp\sess_i7fblpujrpkle26fr69b56i0a2, O_RDWR) failed: No such file or directory (2) C:\tpshop\ThinkPHP\Common\functions.php 第 1263 行.

[ 2017-12-19T09:04:55+08:00 ] 127.0.0.1 /index.php/Admin/Login/ajaxlogin
INFO: [ app_begin ] --START--
INFO: Run Behavior\ReadHtmlCacheBehavior [ RunTime:0.001276s ]
INFO: [ app_begin ] --END-- [ RunTime:0.001758s ]
NOTIC: [2] session_start(): open(C:\php\tmp\tmp\sess_i7fblpujrpkle26fr69b56i0a2, O_RDWR) failed: No such file or directory (2) C:\tpshop\ThinkPHP\Common\functions.php 第 1263 行.

[ 2017-12-19T09:26:20+08:00 ] 127.0.0.1 /index.php/Admin/Login/ajaxlogin
INFO: [ app_begin ] --START--
INFO: Run Behavior\ReadHtmlCacheBehavior [ RunTime:0.001001s ]
INFO: [ app_begin ] --END-- [ RunTime:0.001505s ]
NOTIC: [2] session_start(): open(C:\php\tmp\tmp\sess_i7fblpujrpkle26fr69b56i0a2, O_RDWR) failed: No such file or directory (2) C:\tpshop\ThinkPHP\Common\functions.php 第 1263 行.

[ 2017-12-19T09:27:17+08:00 ] 127.0.0.1 /index.php/Admin/Login/ajaxlogin
INFO: [ app_begin ] --START--
INFO: Run Behavior\ReadHtmlCacheBehavior [ RunTime:0.001463s ]
INFO: [ app_begin ] --END-- [ RunTime:0.001959s ]
NOTIC: [2] session_start(): open(C:\php\tmp\tmp\sess_i7fblpujrpkle26fr69b56i0a2, O_RDWR) failed: No such file or directory (2) C:\tpshop\ThinkPHP\Common\functions.php 第 1263 行.

[ 2017-12-19T09:27:33+08:00 ] 127.0.0.1 /index.php/Admin/Login/ajaxlogin
INFO: [ app_begin ] --START--
INFO: Run Behavior\ReadHtmlCacheBehavior [ RunTime:0.002371s ]
INFO: [ app_begin ] --END-- [ RunTime:0.003123s ]
NOTIC: [2] session_start(): open(C:\php\tmp\tmp\sess_i7fblpujrpkle26fr69b56i0a2, O_RDWR) failed: No such file or directory (2) C:\tpshop\ThinkPHP\Common\functions.php 第 1263 行.

[ 2017-12-19T09:27:47+08:00 ] 127.0.0.1 /AdmiN
ERR: 无法加载控制器:Index

[ 2017-12-19T13:42:56+08:00 ] 127.0.0.1 /index.php/Admin/Login/ajaxlogin
INFO: [ app_begin ] --START--
INFO: Run Behavior\ReadHtmlCacheBehavior [ RunTime:0.007809s ]
INFO: [ app_begin ] --END-- [ RunTime:0.028605s ]
NOTIC: [2] session_start(): open(C:\php\tmp\tmp\sess_srqpnag38oe8r5hudt28rvtaa0, O_RDWR) failed: No such file or directory (2) C:\tpshop\ThinkPHP\Common\functions.php 第 1263 行.

[ 2017-12-19T13:43:06+08:00 ] 127.0.0.1 /index.php/Admin/Login/ajaxlogin
INFO: [ app_begin ] --START--
INFO: Run Behavior\ReadHtmlCacheBehavior [ RunTime:0.001901s ]
INFO: [ app_begin ] --END-- [ RunTime:0.002567s ]
NOTIC: [2] session_start(): open(C:\php\tmp\tmp\sess_1gjki96c4p7lu421ei3kv34hn7, O_RDWR) failed: No such file or directory (2) C:\tpshop\ThinkPHP\Common\functions.php 第 1263 行.

[ 2017-12-19T14:08:31+08:00 ] 127.0.0.1 /index.php/Admin/Login/ajaxlogin
INFO: [ app_begin ] --START--
INFO: Run Behavior\ReadHtmlCacheBehavior [ RunTime:0.000735s ]
INFO: [ app_begin ] --END-- [ RunTime:0.001154s ]
NOTIC: [2] session_start(): open(C:\zphp\php\tmp\tmp\sess_1gjki96c4p7lu421ei3kv34hn7, O_RDWR) failed: No such file or directory (2) C:\tpshop\ThinkPHP\Common\functions.php 第 1263 行.

[ 2017-12-19T14:19:15+08:00 ] 127.0.0.1 /index.php/Admin/Login/ajaxlogin
INFO: [ app_begin ] --START--
INFO: Run Behavior\ReadHtmlCacheBehavior [ RunTime:0.002895s ]
INFO: [ app_begin ] --END-- [ RunTime:0.003802s ]

[ 2017-12-19T14:31:29+08:00 ] 127.0.0.1 /index.php/Admin/Login/ajaxlogin
INFO: [ app_begin ] --START--
INFO: Run Behavior\ReadHtmlCacheBehavior [ RunTime:0.001443s ]
INFO: [ app_begin ] --END-- [ RunTime:0.001930s ]

[ 2017-12-19T14:34:07+08:00 ] 127.0.0.1 /index.php/Admin/Login/ajaxlogin
INFO: [ app_begin ] --START--
INFO: Run Behavior\ReadHtmlCacheBehavior [ RunTime:0.001190s ]
INFO: [ app_begin ] --END-- [ RunTime:0.001795s ]

[ 2017-12-19T14:34:24+08:00 ] 127.0.0.1 /index.php/Admin/Login/ajaxlogin
INFO: [ app_begin ] --START--
INFO: Run Behavior\ReadHtmlCacheBehavior [ RunTime:0.000958s ]
INFO: [ app_begin ] --END-- [ RunTime:0.001462s ]
SQL: SHOW COLUMNS FROM `tpshop_manager` [ RunTime:0.0249s ]
SQL: SELECT * FROM `tpshop_manager` WHERE `username` = 'admin' LIMIT 1   [ RunTime:0.0003s ]

[ 2017-12-19T14:34:36+08:00 ] 127.0.0.1 /index.php/Admin/Login/ajaxlogin
INFO: [ app_begin ] --START--
INFO: Run Behavior\ReadHtmlCacheBehavior [ RunTime:0.001074s ]
INFO: [ app_begin ] --END-- [ RunTime:0.001550s ]

[ 2017-12-19T14:37:49+08:00 ] 127.0.0.1 /index.php/Admin/Login/ajaxlogin
INFO: [ app_begin ] --START--
INFO: Run Behavior\ReadHtmlCacheBehavior [ RunTime:0.001202s ]
INFO: [ app_begin ] --END-- [ RunTime:0.001737s ]

[ 2017-12-19T14:37:59+08:00 ] 127.0.0.1 /index.php/Admin/Login/ajaxlogin
INFO: [ app_begin ] --START--
INFO: Run Behavior\ReadHtmlCacheBehavior [ RunTime:0.002364s ]
INFO: [ app_begin ] --END-- [ RunTime:0.002926s ]

[ 2017-12-19T14:38:11+08:00 ] 127.0.0.1 /index.php/Admin/Login/ajaxlogin
INFO: [ app_begin ] --START--
INFO: Run Behavior\ReadHtmlCacheBehavior [ RunTime:0.000777s ]
INFO: [ app_begin ] --END-- [ RunTime:0.001220s ]

[ 2017-12-19T14:42:12+08:00 ] 127.0.0.1 /index.php/Admin/Login/ajaxlogin
INFO: [ app_begin ] --START--
INFO: Run Behavior\ReadHtmlCacheBehavior [ RunTime:0.002803s ]
INFO: [ app_begin ] --END-- [ RunTime:0.003316s ]

[ 2017-12-19T14:42:25+08:00 ] 127.0.0.1 /index.php/Admin/Login/ajaxlogin
INFO: [ app_begin ] --START--
INFO: Run Behavior\ReadHtmlCacheBehavior [ RunTime:0.001469s ]
INFO: [ app_begin ] --END-- [ RunTime:0.001987s ]

[ 2017-12-19T14:52:14+08:00 ] 127.0.0.1 /index.php/Admin/Login/ajaxlogin
INFO: [ app_begin ] --START--
INFO: Run Behavior\ReadHtmlCacheBehavior [ RunTime:0.001016s ]
INFO: [ app_begin ] --END-- [ RunTime:0.001639s ]

[ 2017-12-19T21:25:41+08:00 ] 127.0.0.1 /index.php/Admin/Login/ajaxlogin
INFO: [ app_begin ] --START--
INFO: Run Behavior\ReadHtmlCacheBehavior [ RunTime:0.001028s ]
INFO: [ app_begin ] --END-- [ RunTime:0.001829s ]

