[ 2017-11-26T10:39:30+08:00 ] 127.0.0.1 /index.php/Admin/Login/ajaxlogin
INFO: [ app_begin ] --START--
INFO: Run Behavior\ReadHtmlCacheBehavior [ RunTime:0.000757s ]
INFO: [ app_begin ] --END-- [ RunTime:0.001207s ]
SQL: SHOW COLUMNS FROM `tpshop_manager` [ RunTime:0.0307s ]
SQL: SELECT * FROM `tpshop_manager` WHERE `username` = 'admin' LIMIT 1   [ RunTime:0.0013s ]

[ 2017-11-26T10:39:33+08:00 ] 127.0.0.1 /index.php/Admin/Index/add
ERR: 非法操作:add

[ 2017-11-26T10:48:09+08:00 ] 127.0.0.1 /index.php/Admin/Goods/add
ERR: 不存在的图像文件

[ 2017-11-26T10:48:51+08:00 ] 127.0.0.1 /index.php/Admin/Goods/add
ERR: 不存在的图像文件

[ 2017-11-26T10:53:46+08:00 ] 127.0.0.1 /index.php/Admin/Goods/add
ERR: 不存在的图像文件

[ 2017-11-26T10:57:15+08:00 ] 127.0.0.1 /index.php/Admin/Goods/add
ERR: 不存在的图像文件

[ 2017-11-26T11:29:48+08:00 ] 127.0.0.1 /index.php/Admin/Goods/add
ERR: 不存在的图像文件

[ 2017-11-26T11:33:24+08:00 ] 127.0.0.1 /index.php/Admin/Goods/add
ERR: 不存在的图像文件

[ 2017-11-26T11:38:25+08:00 ] 127.0.0.1 /index.php/Admin/Goods/add
ERR: 不存在的图像文件

[ 2017-11-26T11:51:07+08:00 ] 127.0.0.1 /index.php/Admin/Goods/add
ERR: 不存在的图像文件

[ 2017-11-26T11:52:04+08:00 ] 127.0.0.1 /index.php/Admin/Goods/add
ERR: 不存在的图像文件

[ 2017-11-26T11:52:21+08:00 ] 127.0.0.1 /index.php/Admin/Goods/add
ERR: 不存在的图像文件

[ 2017-11-26T11:53:34+08:00 ] 127.0.0.1 /index.php/Admin/Goods/add
ERR: 不存在的图像文件

[ 2017-11-26T11:53:56+08:00 ] 127.0.0.1 /index.php/Admin/Goods/add
ERR: 1048:Column 'pics_mid' cannot be null
 [ SQL语句 ] : INSERT INTO `tpshop_goodspics` (`goods_id`,`pics_origin`,`pics_big`,`pics_mid`,`pics_sma`) VALUES ('43','/Public/Uploads/2017-11-26/5a1a3ad2ce4b7.gif','/Public/Uploads/2017-11-26/thumb800_5a1a3ad2ce4b7.gif',NULL,NULL)

[ 2017-11-26T11:54:58+08:00 ] 127.0.0.1 /index.php/Admin/Goods/add
ERR: 1048:Column 'pics_mid' cannot be null
 [ SQL语句 ] : INSERT INTO `tpshop_goodspics` (`goods_id`,`pics_origin`,`pics_big`,`pics_mid`,`pics_sma`) VALUES ('44','/Public/Uploads/2017-11-26/5a1a3b1144942.gif','/Public/Uploads/2017-11-26/thumb800_5a1a3b1144942.gif',NULL,NULL)

[ 2017-11-26T11:55:10+08:00 ] 127.0.0.1 /index.php/Admin/Goods/add
ERR: 1048:Column 'pics_mid' cannot be null
 [ SQL语句 ] : INSERT INTO `tpshop_goodspics` (`goods_id`,`pics_origin`,`pics_big`,`pics_mid`,`pics_sma`) VALUES ('45','/Public/Uploads/2017-11-26/5a1a3b1d0b10e.gif','/Public/Uploads/2017-11-26/thumb800_5a1a3b1d0b10e.gif',NULL,NULL)

[ 2017-11-26T14:56:47+08:00 ] 127.0.0.1 /index.php/Admin/Goods/edit/id/47
ERR: 1146:Table 'tpshop.tpshop_goodspice' doesn't exist
 [ SQL语句 ] : SHOW COLUMNS FROM `tpshop_goodspice`

[ 2017-11-26T14:57:43+08:00 ] 127.0.0.1 /index.php/Admin/Goods/edit/id/47
ERR: 1146:Table 'tpshop.tpshop_goodspice' doesn't exist
 [ SQL语句 ] : SHOW COLUMNS FROM `tpshop_goodspice`

[ 2017-11-26T16:19:05+08:00 ] 127.0.0.1 /index.php/Admin/Goods/delpics
INFO: [ app_begin ] --START--
INFO: Run Behavior\ReadHtmlCacheBehavior [ RunTime:0.001894s ]
INFO: [ app_begin ] --END-- [ RunTime:0.002492s ]
SQL: SHOW COLUMNS FROM `tpshop_goodspics` [ RunTime:0.0098s ]
SQL: SELECT * FROM `tpshop_goodspics` WHERE `id` = 0 LIMIT 1   [ RunTime:0.0003s ]
SQL: DELETE FROM `tpshop_goodspics` WHERE `id` = 0 [ RunTime:0.0002s ]
NOTIC: [8] Undefined variable: goodspics C:\tpshop\Application\Admin\Controller\GoodsController.class.php 第 176 行.
NOTIC: [2] unlink(C:\tpshop): Permission denied C:\tpshop\Application\Admin\Controller\GoodsController.class.php 第 176 行.

[ 2017-11-26T16:19:12+08:00 ] 127.0.0.1 /index.php/Admin/Goods/delpics
INFO: [ app_begin ] --START--
INFO: Run Behavior\ReadHtmlCacheBehavior [ RunTime:0.001760s ]
INFO: [ app_begin ] --END-- [ RunTime:0.002343s ]
SQL: SHOW COLUMNS FROM `tpshop_goodspics` [ RunTime:0.0075s ]
SQL: SELECT * FROM `tpshop_goodspics` WHERE `id` = 0 LIMIT 1   [ RunTime:0.0003s ]
SQL: DELETE FROM `tpshop_goodspics` WHERE `id` = 0 [ RunTime:0.0002s ]
NOTIC: [8] Undefined variable: goodspics C:\tpshop\Application\Admin\Controller\GoodsController.class.php 第 176 行.
NOTIC: [2] unlink(C:\tpshop): Permission denied C:\tpshop\Application\Admin\Controller\GoodsController.class.php 第 176 行.

[ 2017-11-26T16:19:17+08:00 ] 127.0.0.1 /index.php/Admin/Goods/delpics
INFO: [ app_begin ] --START--
INFO: Run Behavior\ReadHtmlCacheBehavior [ RunTime:0.002273s ]
INFO: [ app_begin ] --END-- [ RunTime:0.002839s ]
SQL: SHOW COLUMNS FROM `tpshop_goodspics` [ RunTime:0.0240s ]
SQL: SELECT * FROM `tpshop_goodspics` WHERE `id` = 0 LIMIT 1   [ RunTime:0.0006s ]
SQL: DELETE FROM `tpshop_goodspics` WHERE `id` = 0 [ RunTime:0.0004s ]
NOTIC: [8] Undefined variable: goodspics C:\tpshop\Application\Admin\Controller\GoodsController.class.php 第 176 行.
NOTIC: [2] unlink(C:\tpshop): Permission denied C:\tpshop\Application\Admin\Controller\GoodsController.class.php 第 176 行.

[ 2017-11-26T16:19:57+08:00 ] 127.0.0.1 /index.php/Admin/Goods/delpics
INFO: [ app_begin ] --START--
INFO: Run Behavior\ReadHtmlCacheBehavior [ RunTime:0.002018s ]
INFO: [ app_begin ] --END-- [ RunTime:0.002590s ]
SQL: SHOW COLUMNS FROM `tpshop_goodspics` [ RunTime:0.0369s ]
SQL: SELECT * FROM `tpshop_goodspics` WHERE `id` = 0 LIMIT 1   [ RunTime:0.0008s ]
SQL: DELETE FROM `tpshop_goodspics` WHERE `id` = 0 [ RunTime:0.0004s ]
NOTIC: [8] Undefined variable: goodspics C:\tpshop\Application\Admin\Controller\GoodsController.class.php 第 176 行.
NOTIC: [2] unlink(C:\tpshop): Permission denied C:\tpshop\Application\Admin\Controller\GoodsController.class.php 第 176 行.

[ 2017-11-26T16:19:58+08:00 ] 127.0.0.1 /index.php/Admin/Goods/delpics
INFO: [ app_begin ] --START--
INFO: Run Behavior\ReadHtmlCacheBehavior [ RunTime:0.001796s ]
INFO: [ app_begin ] --END-- [ RunTime:0.002423s ]
SQL: SHOW COLUMNS FROM `tpshop_goodspics` [ RunTime:0.0158s ]
SQL: SELECT * FROM `tpshop_goodspics` WHERE `id` = 0 LIMIT 1   [ RunTime:0.0005s ]
SQL: DELETE FROM `tpshop_goodspics` WHERE `id` = 0 [ RunTime:0.0004s ]
NOTIC: [8] Undefined variable: goodspics C:\tpshop\Application\Admin\Controller\GoodsController.class.php 第 176 行.
NOTIC: [2] unlink(C:\tpshop): Permission denied C:\tpshop\Application\Admin\Controller\GoodsController.class.php 第 176 行.

[ 2017-11-26T16:19:59+08:00 ] 127.0.0.1 /index.php/Admin/Goods/delpics
INFO: [ app_begin ] --START--
INFO: Run Behavior\ReadHtmlCacheBehavior [ RunTime:0.001544s ]
INFO: [ app_begin ] --END-- [ RunTime:0.002351s ]
SQL: SHOW COLUMNS FROM `tpshop_goodspics` [ RunTime:0.0168s ]
SQL: SELECT * FROM `tpshop_goodspics` WHERE `id` = 0 LIMIT 1   [ RunTime:0.0006s ]
SQL: DELETE FROM `tpshop_goodspics` WHERE `id` = 0 [ RunTime:0.0004s ]
NOTIC: [8] Undefined variable: goodspics C:\tpshop\Application\Admin\Controller\GoodsController.class.php 第 176 行.
NOTIC: [2] unlink(C:\tpshop): Permission denied C:\tpshop\Application\Admin\Controller\GoodsController.class.php 第 176 行.

[ 2017-11-26T16:20:14+08:00 ] 127.0.0.1 /index.php/Admin/Goods/delpics
INFO: [ app_begin ] --START--
INFO: Run Behavior\ReadHtmlCacheBehavior [ RunTime:0.001817s ]
INFO: [ app_begin ] --END-- [ RunTime:0.002379s ]
SQL: SHOW COLUMNS FROM `tpshop_goodspics` [ RunTime:0.0229s ]
SQL: SELECT * FROM `tpshop_goodspics` WHERE `id` = 0 LIMIT 1   [ RunTime:0.0009s ]
SQL: DELETE FROM `tpshop_goodspics` WHERE `id` = 0 [ RunTime:0.0005s ]
NOTIC: [8] Undefined variable: goodspics C:\tpshop\Application\Admin\Controller\GoodsController.class.php 第 176 行.
NOTIC: [2] unlink(C:\tpshop): Permission denied C:\tpshop\Application\Admin\Controller\GoodsController.class.php 第 176 行.

[ 2017-11-26T16:20:15+08:00 ] 127.0.0.1 /index.php/Admin/Goods/delpics
INFO: [ app_begin ] --START--
INFO: Run Behavior\ReadHtmlCacheBehavior [ RunTime:0.001913s ]
INFO: [ app_begin ] --END-- [ RunTime:0.002586s ]
SQL: SHOW COLUMNS FROM `tpshop_goodspics` [ RunTime:0.0248s ]
SQL: SELECT * FROM `tpshop_goodspics` WHERE `id` = 0 LIMIT 1   [ RunTime:0.0006s ]
SQL: DELETE FROM `tpshop_goodspics` WHERE `id` = 0 [ RunTime:0.0006s ]
NOTIC: [8] Undefined variable: goodspics C:\tpshop\Application\Admin\Controller\GoodsController.class.php 第 176 行.
NOTIC: [2] unlink(C:\tpshop): Permission denied C:\tpshop\Application\Admin\Controller\GoodsController.class.php 第 176 行.

[ 2017-11-26T16:20:24+08:00 ] 127.0.0.1 /index.php/Admin/Goods/delpics
INFO: [ app_begin ] --START--
INFO: Run Behavior\ReadHtmlCacheBehavior [ RunTime:0.002169s ]
INFO: [ app_begin ] --END-- [ RunTime:0.002738s ]
SQL: SHOW COLUMNS FROM `tpshop_goodspics` [ RunTime:0.0245s ]
SQL: SELECT * FROM `tpshop_goodspics` WHERE `id` = 0 LIMIT 1   [ RunTime:0.0007s ]
SQL: DELETE FROM `tpshop_goodspics` WHERE `id` = 0 [ RunTime:0.0005s ]
NOTIC: [8] Undefined variable: goodspics C:\tpshop\Application\Admin\Controller\GoodsController.class.php 第 176 行.
NOTIC: [2] unlink(C:\tpshop): Permission denied C:\tpshop\Application\Admin\Controller\GoodsController.class.php 第 176 行.

[ 2017-11-26T16:20:40+08:00 ] 127.0.0.1 /index.php/Admin/Goods/delpics
INFO: [ app_begin ] --START--
INFO: Run Behavior\ReadHtmlCacheBehavior [ RunTime:0.001696s ]
INFO: [ app_begin ] --END-- [ RunTime:0.002249s ]
SQL: SHOW COLUMNS FROM `tpshop_goodspics` [ RunTime:0.0248s ]
SQL: SELECT * FROM `tpshop_goodspics` WHERE `id` = 0 LIMIT 1   [ RunTime:0.0005s ]
SQL: DELETE FROM `tpshop_goodspics` WHERE `id` = 0 [ RunTime:0.0004s ]
NOTIC: [8] Undefined variable: goodspics C:\tpshop\Application\Admin\Controller\GoodsController.class.php 第 176 行.
NOTIC: [2] unlink(C:\tpshop): Permission denied C:\tpshop\Application\Admin\Controller\GoodsController.class.php 第 176 行.

[ 2017-11-26T16:20:41+08:00 ] 127.0.0.1 /index.php/Admin/Goods/delpics
INFO: [ app_begin ] --START--
INFO: Run Behavior\ReadHtmlCacheBehavior [ RunTime:0.002084s ]
INFO: [ app_begin ] --END-- [ RunTime:0.002659s ]
SQL: SHOW COLUMNS FROM `tpshop_goodspics` [ RunTime:0.0174s ]
SQL: SELECT * FROM `tpshop_goodspics` WHERE `id` = 0 LIMIT 1   [ RunTime:0.0004s ]
SQL: DELETE FROM `tpshop_goodspics` WHERE `id` = 0 [ RunTime:0.0003s ]
NOTIC: [8] Undefined variable: goodspics C:\tpshop\Application\Admin\Controller\GoodsController.class.php 第 176 行.
NOTIC: [2] unlink(C:\tpshop): Permission denied C:\tpshop\Application\Admin\Controller\GoodsController.class.php 第 176 行.

[ 2017-11-26T16:20:42+08:00 ] 127.0.0.1 /index.php/Admin/Goods/delpics
INFO: [ app_begin ] --START--
INFO: Run Behavior\ReadHtmlCacheBehavior [ RunTime:0.001351s ]
INFO: [ app_begin ] --END-- [ RunTime:0.001928s ]
SQL: SHOW COLUMNS FROM `tpshop_goodspics` [ RunTime:0.0060s ]
SQL: SELECT * FROM `tpshop_goodspics` WHERE `id` = 0 LIMIT 1   [ RunTime:0.0003s ]
SQL: DELETE FROM `tpshop_goodspics` WHERE `id` = 0 [ RunTime:0.0002s ]
NOTIC: [8] Undefined variable: goodspics C:\tpshop\Application\Admin\Controller\GoodsController.class.php 第 176 行.
NOTIC: [2] unlink(C:\tpshop): Permission denied C:\tpshop\Application\Admin\Controller\GoodsController.class.php 第 176 行.

[ 2017-11-26T16:49:15+08:00 ] 127.0.0.1 /index.php/Admin/Goods/delpics
INFO: [ app_begin ] --START--
INFO: Run Behavior\ReadHtmlCacheBehavior [ RunTime:0.001808s ]
INFO: [ app_begin ] --END-- [ RunTime:0.002424s ]
SQL: SHOW COLUMNS FROM `tpshop_goodspics` [ RunTime:0.0236s ]
SQL: SELECT * FROM `tpshop_goodspics` WHERE `id` = 0 LIMIT 1   [ RunTime:0.0008s ]
SQL: DELETE FROM `tpshop_goodspics` WHERE `id` = 0 [ RunTime:0.0006s ]
NOTIC: [8] Undefined variable: goodspics C:\tpshop\Application\Admin\Controller\GoodsController.class.php 第 176 行.
NOTIC: [2] unlink(C:\tpshop): Permission denied C:\tpshop\Application\Admin\Controller\GoodsController.class.php 第 176 行.

[ 2017-11-26T16:49:17+08:00 ] 127.0.0.1 /index.php/Admin/Goods/delpics
INFO: [ app_begin ] --START--
INFO: Run Behavior\ReadHtmlCacheBehavior [ RunTime:0.001772s ]
INFO: [ app_begin ] --END-- [ RunTime:0.002405s ]
SQL: SHOW COLUMNS FROM `tpshop_goodspics` [ RunTime:0.0353s ]
SQL: SELECT * FROM `tpshop_goodspics` WHERE `id` = 0 LIMIT 1   [ RunTime:0.0006s ]
SQL: DELETE FROM `tpshop_goodspics` WHERE `id` = 0 [ RunTime:0.0005s ]
NOTIC: [8] Undefined variable: goodspics C:\tpshop\Application\Admin\Controller\GoodsController.class.php 第 176 行.
NOTIC: [2] unlink(C:\tpshop): Permission denied C:\tpshop\Application\Admin\Controller\GoodsController.class.php 第 176 行.

[ 2017-11-26T16:49:24+08:00 ] 127.0.0.1 /index.php/Admin/Goods/delpics
INFO: [ app_begin ] --START--
INFO: Run Behavior\ReadHtmlCacheBehavior [ RunTime:0.001786s ]
INFO: [ app_begin ] --END-- [ RunTime:0.002584s ]
SQL: SHOW COLUMNS FROM `tpshop_goodspics` [ RunTime:0.0291s ]
SQL: SELECT * FROM `tpshop_goodspics` WHERE `id` = 0 LIMIT 1   [ RunTime:0.0011s ]
SQL: DELETE FROM `tpshop_goodspics` WHERE `id` = 0 [ RunTime:0.0007s ]
NOTIC: [8] Undefined variable: goodspics C:\tpshop\Application\Admin\Controller\GoodsController.class.php 第 176 行.
NOTIC: [2] unlink(C:\tpshop): Permission denied C:\tpshop\Application\Admin\Controller\GoodsController.class.php 第 176 行.

[ 2017-11-26T16:53:24+08:00 ] 127.0.0.1 /index.php/Admin/Goods/delpics
INFO: [ app_begin ] --START--
INFO: Run Behavior\ReadHtmlCacheBehavior [ RunTime:0.001888s ]
INFO: [ app_begin ] --END-- [ RunTime:0.002487s ]
SQL: SHOW COLUMNS FROM `tpshop_goodspics` [ RunTime:0.0235s ]
SQL: SELECT * FROM `tpshop_goodspics` WHERE `id` = 0 LIMIT 1   [ RunTime:0.0010s ]
SQL: DELETE FROM `tpshop_goodspics` WHERE `id` = 0 [ RunTime:0.0007s ]
NOTIC: [8] Undefined variable: goodspics C:\tpshop\Application\Admin\Controller\GoodsController.class.php 第 176 行.
NOTIC: [2] unlink(C:\tpshop): Permission denied C:\tpshop\Application\Admin\Controller\GoodsController.class.php 第 176 行.
NOTIC: [8] Undefined variable: goodspics C:\tpshop\Application\Admin\Controller\GoodsController.class.php 第 177 行.
NOTIC: [2] unlink(C:\tpshop): Permission denied C:\tpshop\Application\Admin\Controller\GoodsController.class.php 第 177 行.
NOTIC: [8] Undefined variable: goodspics C:\tpshop\Application\Admin\Controller\GoodsController.class.php 第 178 行.
NOTIC: [2] unlink(C:\tpshop): Permission denied C:\tpshop\Application\Admin\Controller\GoodsController.class.php 第 178 行.
NOTIC: [8] Undefined variable: goodspics C:\tpshop\Application\Admin\Controller\GoodsController.class.php 第 179 行.
NOTIC: [2] unlink(C:\tpshop): Permission denied C:\tpshop\Application\Admin\Controller\GoodsController.class.php 第 179 行.

[ 2017-11-26T16:53:29+08:00 ] 127.0.0.1 /index.php/Admin/Goods/delpics
INFO: [ app_begin ] --START--
INFO: Run Behavior\ReadHtmlCacheBehavior [ RunTime:0.002246s ]
INFO: [ app_begin ] --END-- [ RunTime:0.002792s ]
SQL: SHOW COLUMNS FROM `tpshop_goodspics` [ RunTime:0.0216s ]
SQL: SELECT * FROM `tpshop_goodspics` WHERE `id` = 0 LIMIT 1   [ RunTime:0.0009s ]
SQL: DELETE FROM `tpshop_goodspics` WHERE `id` = 0 [ RunTime:0.0006s ]
NOTIC: [8] Undefined variable: goodspics C:\tpshop\Application\Admin\Controller\GoodsController.class.php 第 176 行.
NOTIC: [2] unlink(C:\tpshop): Permission denied C:\tpshop\Application\Admin\Controller\GoodsController.class.php 第 176 行.
NOTIC: [8] Undefined variable: goodspics C:\tpshop\Application\Admin\Controller\GoodsController.class.php 第 177 行.
NOTIC: [2] unlink(C:\tpshop): Permission denied C:\tpshop\Application\Admin\Controller\GoodsController.class.php 第 177 行.
NOTIC: [8] Undefined variable: goodspics C:\tpshop\Application\Admin\Controller\GoodsController.class.php 第 178 行.
NOTIC: [2] unlink(C:\tpshop): Permission denied C:\tpshop\Application\Admin\Controller\GoodsController.class.php 第 178 行.
NOTIC: [8] Undefined variable: goodspics C:\tpshop\Application\Admin\Controller\GoodsController.class.php 第 179 行.
NOTIC: [2] unlink(C:\tpshop): Permission denied C:\tpshop\Application\Admin\Controller\GoodsController.class.php 第 179 行.

[ 2017-11-26T16:53:56+08:00 ] 127.0.0.1 /index.php/Admin/Goods/delpics
INFO: [ app_begin ] --START--
INFO: Run Behavior\ReadHtmlCacheBehavior [ RunTime:0.001697s ]
INFO: [ app_begin ] --END-- [ RunTime:0.002234s ]
SQL: SHOW COLUMNS FROM `tpshop_goodspics` [ RunTime:0.0509s ]
SQL: SELECT * FROM `tpshop_goodspics` WHERE `id` = 0 LIMIT 1   [ RunTime:0.0009s ]
SQL: DELETE FROM `tpshop_goodspics` WHERE `id` = 0 [ RunTime:0.0005s ]
NOTIC: [8] Undefined variable: goodspics C:\tpshop\Application\Admin\Controller\GoodsController.class.php 第 176 行.
NOTIC: [2] unlink(C:\tpshop): Permission denied C:\tpshop\Application\Admin\Controller\GoodsController.class.php 第 176 行.
NOTIC: [8] Undefined variable: goodspics C:\tpshop\Application\Admin\Controller\GoodsController.class.php 第 177 行.
NOTIC: [2] unlink(C:\tpshop): Permission denied C:\tpshop\Application\Admin\Controller\GoodsController.class.php 第 177 行.
NOTIC: [8] Undefined variable: goodspics C:\tpshop\Application\Admin\Controller\GoodsController.class.php 第 178 行.
NOTIC: [2] unlink(C:\tpshop): Permission denied C:\tpshop\Application\Admin\Controller\GoodsController.class.php 第 178 行.
NOTIC: [8] Undefined variable: goodspics C:\tpshop\Application\Admin\Controller\GoodsController.class.php 第 179 行.
NOTIC: [2] unlink(C:\tpshop): Permission denied C:\tpshop\Application\Admin\Controller\GoodsController.class.php 第 179 行.

[ 2017-11-26T16:53:58+08:00 ] 127.0.0.1 /index.php/Admin/Goods/delpics
INFO: [ app_begin ] --START--
INFO: Run Behavior\ReadHtmlCacheBehavior [ RunTime:0.001689s ]
INFO: [ app_begin ] --END-- [ RunTime:0.002226s ]
SQL: SHOW COLUMNS FROM `tpshop_goodspics` [ RunTime:0.0249s ]
SQL: SELECT * FROM `tpshop_goodspics` WHERE `id` = 0 LIMIT 1   [ RunTime:0.0009s ]
SQL: DELETE FROM `tpshop_goodspics` WHERE `id` = 0 [ RunTime:0.0008s ]
NOTIC: [8] Undefined variable: goodspics C:\tpshop\Application\Admin\Controller\GoodsController.class.php 第 176 行.
NOTIC: [2] unlink(C:\tpshop): Permission denied C:\tpshop\Application\Admin\Controller\GoodsController.class.php 第 176 行.
NOTIC: [8] Undefined variable: goodspics C:\tpshop\Application\Admin\Controller\GoodsController.class.php 第 177 行.
NOTIC: [2] unlink(C:\tpshop): Permission denied C:\tpshop\Application\Admin\Controller\GoodsController.class.php 第 177 行.
NOTIC: [8] Undefined variable: goodspics C:\tpshop\Application\Admin\Controller\GoodsController.class.php 第 178 行.
NOTIC: [2] unlink(C:\tpshop): Permission denied C:\tpshop\Application\Admin\Controller\GoodsController.class.php 第 178 行.
NOTIC: [8] Undefined variable: goodspics C:\tpshop\Application\Admin\Controller\GoodsController.class.php 第 179 行.
NOTIC: [2] unlink(C:\tpshop): Permission denied C:\tpshop\Application\Admin\Controller\GoodsController.class.php 第 179 行.

[ 2017-11-26T16:55:30+08:00 ] 127.0.0.1 /index.php/Admin/Goods/delpics
INFO: [ app_begin ] --START--
INFO: Run Behavior\ReadHtmlCacheBehavior [ RunTime:0.001773s ]
INFO: [ app_begin ] --END-- [ RunTime:0.002348s ]
SQL: SHOW COLUMNS FROM `tpshop_goodspics` [ RunTime:0.0302s ]
SQL: SELECT * FROM `tpshop_goodspics` WHERE `id` = 0 LIMIT 1   [ RunTime:0.0007s ]
SQL: DELETE FROM `tpshop_goodspics` WHERE `id` = 0 [ RunTime:0.0005s ]
NOTIC: [8] Undefined variable: goodspics C:\tpshop\Application\Admin\Controller\GoodsController.class.php 第 176 行.
NOTIC: [2] unlink(C:\tpshop): Permission denied C:\tpshop\Application\Admin\Controller\GoodsController.class.php 第 176 行.
NOTIC: [8] Undefined variable: goodspics C:\tpshop\Application\Admin\Controller\GoodsController.class.php 第 177 行.
NOTIC: [2] unlink(C:\tpshop): Permission denied C:\tpshop\Application\Admin\Controller\GoodsController.class.php 第 177 行.
NOTIC: [8] Undefined variable: goodspics C:\tpshop\Application\Admin\Controller\GoodsController.class.php 第 178 行.
NOTIC: [2] unlink(C:\tpshop): Permission denied C:\tpshop\Application\Admin\Controller\GoodsController.class.php 第 178 行.
NOTIC: [8] Undefined variable: goodspics C:\tpshop\Application\Admin\Controller\GoodsController.class.php 第 179 行.
NOTIC: [2] unlink(C:\tpshop): Permission denied C:\tpshop\Application\Admin\Controller\GoodsController.class.php 第 179 行.

[ 2017-11-26T16:55:31+08:00 ] 127.0.0.1 /index.php/Admin/Goods/delpics
INFO: [ app_begin ] --START--
INFO: Run Behavior\ReadHtmlCacheBehavior [ RunTime:0.001908s ]
INFO: [ app_begin ] --END-- [ RunTime:0.002540s ]
SQL: SHOW COLUMNS FROM `tpshop_goodspics` [ RunTime:0.0348s ]
SQL: SELECT * FROM `tpshop_goodspics` WHERE `id` = 0 LIMIT 1   [ RunTime:0.0013s ]
SQL: DELETE FROM `tpshop_goodspics` WHERE `id` = 0 [ RunTime:0.0009s ]
NOTIC: [8] Undefined variable: goodspics C:\tpshop\Application\Admin\Controller\GoodsController.class.php 第 176 行.
NOTIC: [2] unlink(C:\tpshop): Permission denied C:\tpshop\Application\Admin\Controller\GoodsController.class.php 第 176 行.
NOTIC: [8] Undefined variable: goodspics C:\tpshop\Application\Admin\Controller\GoodsController.class.php 第 177 行.
NOTIC: [2] unlink(C:\tpshop): Permission denied C:\tpshop\Application\Admin\Controller\GoodsController.class.php 第 177 行.
NOTIC: [8] Undefined variable: goodspics C:\tpshop\Application\Admin\Controller\GoodsController.class.php 第 178 行.
NOTIC: [2] unlink(C:\tpshop): Permission denied C:\tpshop\Application\Admin\Controller\GoodsController.class.php 第 178 行.
NOTIC: [8] Undefined variable: goodspics C:\tpshop\Application\Admin\Controller\GoodsController.class.php 第 179 行.
NOTIC: [2] unlink(C:\tpshop): Permission denied C:\tpshop\Application\Admin\Controller\GoodsController.class.php 第 179 行.

[ 2017-11-26T16:55:36+08:00 ] 127.0.0.1 /index.php/Admin/Goods/delpics
INFO: [ app_begin ] --START--
INFO: Run Behavior\ReadHtmlCacheBehavior [ RunTime:0.001747s ]
INFO: [ app_begin ] --END-- [ RunTime:0.003586s ]
SQL: SHOW COLUMNS FROM `tpshop_goodspics` [ RunTime:0.0279s ]
SQL: SELECT * FROM `tpshop_goodspics` WHERE `id` = 0 LIMIT 1   [ RunTime:0.0007s ]
SQL: DELETE FROM `tpshop_goodspics` WHERE `id` = 0 [ RunTime:0.0004s ]
NOTIC: [8] Undefined variable: goodspics C:\tpshop\Application\Admin\Controller\GoodsController.class.php 第 176 行.
NOTIC: [2] unlink(C:\tpshop): Permission denied C:\tpshop\Application\Admin\Controller\GoodsController.class.php 第 176 行.
NOTIC: [8] Undefined variable: goodspics C:\tpshop\Application\Admin\Controller\GoodsController.class.php 第 177 行.
NOTIC: [2] unlink(C:\tpshop): Permission denied C:\tpshop\Application\Admin\Controller\GoodsController.class.php 第 177 行.
NOTIC: [8] Undefined variable: goodspics C:\tpshop\Application\Admin\Controller\GoodsController.class.php 第 178 行.
NOTIC: [2] unlink(C:\tpshop): Permission denied C:\tpshop\Application\Admin\Controller\GoodsController.class.php 第 178 行.
NOTIC: [8] Undefined variable: goodspics C:\tpshop\Application\Admin\Controller\GoodsController.class.php 第 179 行.
NOTIC: [2] unlink(C:\tpshop): Permission denied C:\tpshop\Application\Admin\Controller\GoodsController.class.php 第 179 行.

[ 2017-11-26T16:55:38+08:00 ] 127.0.0.1 /index.php/Admin/Goods/delpics
INFO: [ app_begin ] --START--
INFO: Run Behavior\ReadHtmlCacheBehavior [ RunTime:0.001726s ]
INFO: [ app_begin ] --END-- [ RunTime:0.002359s ]
SQL: SHOW COLUMNS FROM `tpshop_goodspics` [ RunTime:0.0128s ]
SQL: SELECT * FROM `tpshop_goodspics` WHERE `id` = 0 LIMIT 1   [ RunTime:0.0005s ]
SQL: DELETE FROM `tpshop_goodspics` WHERE `id` = 0 [ RunTime:0.0004s ]
NOTIC: [8] Undefined variable: goodspics C:\tpshop\Application\Admin\Controller\GoodsController.class.php 第 176 行.
NOTIC: [2] unlink(C:\tpshop): Permission denied C:\tpshop\Application\Admin\Controller\GoodsController.class.php 第 176 行.
NOTIC: [8] Undefined variable: goodspics C:\tpshop\Application\Admin\Controller\GoodsController.class.php 第 177 行.
NOTIC: [2] unlink(C:\tpshop): Permission denied C:\tpshop\Application\Admin\Controller\GoodsController.class.php 第 177 行.
NOTIC: [8] Undefined variable: goodspics C:\tpshop\Application\Admin\Controller\GoodsController.class.php 第 178 行.
NOTIC: [2] unlink(C:\tpshop): Permission denied C:\tpshop\Application\Admin\Controller\GoodsController.class.php 第 178 行.
NOTIC: [8] Undefined variable: goodspics C:\tpshop\Application\Admin\Controller\GoodsController.class.php 第 179 行.
NOTIC: [2] unlink(C:\tpshop): Permission denied C:\tpshop\Application\Admin\Controller\GoodsController.class.php 第 179 行.

[ 2017-11-26T16:58:56+08:00 ] 127.0.0.1 /index.php/Admin/Goods/delpics
INFO: [ app_begin ] --START--
INFO: Run Behavior\ReadHtmlCacheBehavior [ RunTime:0.002049s ]
INFO: [ app_begin ] --END-- [ RunTime:0.003217s ]
SQL: SHOW COLUMNS FROM `tpshop_goodspics` [ RunTime:0.0311s ]
SQL: SELECT * FROM `tpshop_goodspics` WHERE `id` = 0 LIMIT 1   [ RunTime:0.0010s ]
SQL: DELETE FROM `tpshop_goodspics` WHERE `id` = 0 [ RunTime:0.0008s ]
NOTIC: [8] Undefined variable: goodspics C:\tpshop\Application\Admin\Controller\GoodsController.class.php 第 176 行.
NOTIC: [2] unlink(C:\tpshop): Permission denied C:\tpshop\Application\Admin\Controller\GoodsController.class.php 第 176 行.
NOTIC: [8] Undefined variable: goodspics C:\tpshop\Application\Admin\Controller\GoodsController.class.php 第 177 行.
NOTIC: [2] unlink(C:\tpshop): Permission denied C:\tpshop\Application\Admin\Controller\GoodsController.class.php 第 177 行.
NOTIC: [8] Undefined variable: goodspics C:\tpshop\Application\Admin\Controller\GoodsController.class.php 第 178 行.
NOTIC: [2] unlink(C:\tpshop): Permission denied C:\tpshop\Application\Admin\Controller\GoodsController.class.php 第 178 行.
NOTIC: [8] Undefined variable: goodspics C:\tpshop\Application\Admin\Controller\GoodsController.class.php 第 179 行.
NOTIC: [2] unlink(C:\tpshop): Permission denied C:\tpshop\Application\Admin\Controller\GoodsController.class.php 第 179 行.

[ 2017-11-26T16:58:58+08:00 ] 127.0.0.1 /index.php/Admin/Goods/delpics
INFO: [ app_begin ] --START--
INFO: Run Behavior\ReadHtmlCacheBehavior [ RunTime:0.001343s ]
INFO: [ app_begin ] --END-- [ RunTime:0.001922s ]
SQL: SHOW COLUMNS FROM `tpshop_goodspics` [ RunTime:0.0236s ]
SQL: SELECT * FROM `tpshop_goodspics` WHERE `id` = 0 LIMIT 1   [ RunTime:0.0007s ]
SQL: DELETE FROM `tpshop_goodspics` WHERE `id` = 0 [ RunTime:0.0005s ]
NOTIC: [8] Undefined variable: goodspics C:\tpshop\Application\Admin\Controller\GoodsController.class.php 第 176 行.
NOTIC: [2] unlink(C:\tpshop): Permission denied C:\tpshop\Application\Admin\Controller\GoodsController.class.php 第 176 行.
NOTIC: [8] Undefined variable: goodspics C:\tpshop\Application\Admin\Controller\GoodsController.class.php 第 177 行.
NOTIC: [2] unlink(C:\tpshop): Permission denied C:\tpshop\Application\Admin\Controller\GoodsController.class.php 第 177 行.
NOTIC: [8] Undefined variable: goodspics C:\tpshop\Application\Admin\Controller\GoodsController.class.php 第 178 行.
NOTIC: [2] unlink(C:\tpshop): Permission denied C:\tpshop\Application\Admin\Controller\GoodsController.class.php 第 178 行.
NOTIC: [8] Undefined variable: goodspics C:\tpshop\Application\Admin\Controller\GoodsController.class.php 第 179 行.
NOTIC: [2] unlink(C:\tpshop): Permission denied C:\tpshop\Application\Admin\Controller\GoodsController.class.php 第 179 行.

[ 2017-11-26T17:02:12+08:00 ] 127.0.0.1 /index.php/Admin/Goods/delpics
INFO: [ app_begin ] --START--
INFO: Run Behavior\ReadHtmlCacheBehavior [ RunTime:0.001912s ]
INFO: [ app_begin ] --END-- [ RunTime:0.002495s ]
SQL: SHOW COLUMNS FROM `tpshop_goodspics` [ RunTime:0.0098s ]
SQL: SELECT * FROM `tpshop_goodspics` WHERE `id` = 0 LIMIT 1   [ RunTime:0.0008s ]
SQL: DELETE FROM `tpshop_goodspics` WHERE `id` = 0 [ RunTime:0.0006s ]
NOTIC: [8] Undefined variable: goodspics C:\tpshop\Application\Admin\Controller\GoodsController.class.php 第 176 行.
NOTIC: [2] unlink(C:\tpshop): Permission denied C:\tpshop\Application\Admin\Controller\GoodsController.class.php 第 176 行.
NOTIC: [8] Undefined variable: goodspics C:\tpshop\Application\Admin\Controller\GoodsController.class.php 第 177 行.
NOTIC: [2] unlink(C:\tpshop): Permission denied C:\tpshop\Application\Admin\Controller\GoodsController.class.php 第 177 行.
NOTIC: [8] Undefined variable: goodspics C:\tpshop\Application\Admin\Controller\GoodsController.class.php 第 178 行.
NOTIC: [2] unlink(C:\tpshop): Permission denied C:\tpshop\Application\Admin\Controller\GoodsController.class.php 第 178 行.
NOTIC: [8] Undefined variable: goodspics C:\tpshop\Application\Admin\Controller\GoodsController.class.php 第 179 行.
NOTIC: [2] unlink(C:\tpshop): Permission denied C:\tpshop\Application\Admin\Controller\GoodsController.class.php 第 179 行.

[ 2017-11-26T17:02:22+08:00 ] 127.0.0.1 /index.php/Admin/Goods/delpics
INFO: [ app_begin ] --START--
INFO: Run Behavior\ReadHtmlCacheBehavior [ RunTime:0.001909s ]
INFO: [ app_begin ] --END-- [ RunTime:0.002495s ]
SQL: SHOW COLUMNS FROM `tpshop_goodspics` [ RunTime:0.0191s ]
SQL: SELECT * FROM `tpshop_goodspics` WHERE `id` = 0 LIMIT 1   [ RunTime:0.0005s ]
SQL: DELETE FROM `tpshop_goodspics` WHERE `id` = 0 [ RunTime:0.0004s ]
NOTIC: [8] Undefined variable: goodspics C:\tpshop\Application\Admin\Controller\GoodsController.class.php 第 176 行.
NOTIC: [2] unlink(C:\tpshop): Permission denied C:\tpshop\Application\Admin\Controller\GoodsController.class.php 第 176 行.
NOTIC: [8] Undefined variable: goodspics C:\tpshop\Application\Admin\Controller\GoodsController.class.php 第 177 行.
NOTIC: [2] unlink(C:\tpshop): Permission denied C:\tpshop\Application\Admin\Controller\GoodsController.class.php 第 177 行.
NOTIC: [8] Undefined variable: goodspics C:\tpshop\Application\Admin\Controller\GoodsController.class.php 第 178 行.
NOTIC: [2] unlink(C:\tpshop): Permission denied C:\tpshop\Application\Admin\Controller\GoodsController.class.php 第 178 行.
NOTIC: [8] Undefined variable: goodspics C:\tpshop\Application\Admin\Controller\GoodsController.class.php 第 179 行.
NOTIC: [2] unlink(C:\tpshop): Permission denied C:\tpshop\Application\Admin\Controller\GoodsController.class.php 第 179 行.

[ 2017-11-26T17:02:31+08:00 ] 127.0.0.1 /index.php/Admin/Goods/delpics
INFO: [ app_begin ] --START--
INFO: Run Behavior\ReadHtmlCacheBehavior [ RunTime:0.001789s ]
INFO: [ app_begin ] --END-- [ RunTime:0.002406s ]
SQL: SHOW COLUMNS FROM `tpshop_goodspics` [ RunTime:0.0290s ]
SQL: SELECT * FROM `tpshop_goodspics` WHERE `id` = 0 LIMIT 1   [ RunTime:0.0005s ]
SQL: DELETE FROM `tpshop_goodspics` WHERE `id` = 0 [ RunTime:0.0004s ]
NOTIC: [8] Undefined variable: goodspics C:\tpshop\Application\Admin\Controller\GoodsController.class.php 第 176 行.
NOTIC: [2] unlink(C:\tpshop): Permission denied C:\tpshop\Application\Admin\Controller\GoodsController.class.php 第 176 行.
NOTIC: [8] Undefined variable: goodspics C:\tpshop\Application\Admin\Controller\GoodsController.class.php 第 177 行.
NOTIC: [2] unlink(C:\tpshop): Permission denied C:\tpshop\Application\Admin\Controller\GoodsController.class.php 第 177 行.
NOTIC: [8] Undefined variable: goodspics C:\tpshop\Application\Admin\Controller\GoodsController.class.php 第 178 行.
NOTIC: [2] unlink(C:\tpshop): Permission denied C:\tpshop\Application\Admin\Controller\GoodsController.class.php 第 178 行.
NOTIC: [8] Undefined variable: goodspics C:\tpshop\Application\Admin\Controller\GoodsController.class.php 第 179 行.
NOTIC: [2] unlink(C:\tpshop): Permission denied C:\tpshop\Application\Admin\Controller\GoodsController.class.php 第 179 行.

[ 2017-11-26T17:02:45+08:00 ] 127.0.0.1 /index.php/Admin/Goods/delpics
INFO: [ app_begin ] --START--
INFO: Run Behavior\ReadHtmlCacheBehavior [ RunTime:0.002216s ]
INFO: [ app_begin ] --END-- [ RunTime:0.002792s ]
SQL: SHOW COLUMNS FROM `tpshop_goodspics` [ RunTime:0.0266s ]
SQL: SELECT * FROM `tpshop_goodspics` WHERE `id` = 0 LIMIT 1   [ RunTime:0.0006s ]
SQL: DELETE FROM `tpshop_goodspics` WHERE `id` = 0 [ RunTime:0.0005s ]
NOTIC: [8] Undefined variable: goodspics C:\tpshop\Application\Admin\Controller\GoodsController.class.php 第 176 行.
NOTIC: [2] unlink(C:\tpshop): Permission denied C:\tpshop\Application\Admin\Controller\GoodsController.class.php 第 176 行.
NOTIC: [8] Undefined variable: goodspics C:\tpshop\Application\Admin\Controller\GoodsController.class.php 第 177 行.
NOTIC: [2] unlink(C:\tpshop): Permission denied C:\tpshop\Application\Admin\Controller\GoodsController.class.php 第 177 行.
NOTIC: [8] Undefined variable: goodspics C:\tpshop\Application\Admin\Controller\GoodsController.class.php 第 178 行.
NOTIC: [2] unlink(C:\tpshop): Permission denied C:\tpshop\Application\Admin\Controller\GoodsController.class.php 第 178 行.
NOTIC: [8] Undefined variable: goodspics C:\tpshop\Application\Admin\Controller\GoodsController.class.php 第 179 行.
NOTIC: [2] unlink(C:\tpshop): Permission denied C:\tpshop\Application\Admin\Controller\GoodsController.class.php 第 179 行.

[ 2017-11-26T17:02:55+08:00 ] 127.0.0.1 /index.php/Admin/Goods/delpics
INFO: [ app_begin ] --START--
INFO: Run Behavior\ReadHtmlCacheBehavior [ RunTime:0.002893s ]
INFO: [ app_begin ] --END-- [ RunTime:0.003431s ]
SQL: SHOW COLUMNS FROM `tpshop_goodspics` [ RunTime:0.0145s ]
SQL: SELECT * FROM `tpshop_goodspics` WHERE `id` = 0 LIMIT 1   [ RunTime:0.0009s ]
SQL: DELETE FROM `tpshop_goodspics` WHERE `id` = 0 [ RunTime:0.0004s ]
NOTIC: [8] Undefined variable: goodspics C:\tpshop\Application\Admin\Controller\GoodsController.class.php 第 176 行.
NOTIC: [2] unlink(C:\tpshop): Permission denied C:\tpshop\Application\Admin\Controller\GoodsController.class.php 第 176 行.
NOTIC: [8] Undefined variable: goodspics C:\tpshop\Application\Admin\Controller\GoodsController.class.php 第 177 行.
NOTIC: [2] unlink(C:\tpshop): Permission denied C:\tpshop\Application\Admin\Controller\GoodsController.class.php 第 177 行.
NOTIC: [8] Undefined variable: goodspics C:\tpshop\Application\Admin\Controller\GoodsController.class.php 第 178 行.
NOTIC: [2] unlink(C:\tpshop): Permission denied C:\tpshop\Application\Admin\Controller\GoodsController.class.php 第 178 行.
NOTIC: [8] Undefined variable: goodspics C:\tpshop\Application\Admin\Controller\GoodsController.class.php 第 179 行.
NOTIC: [2] unlink(C:\tpshop): Permission denied C:\tpshop\Application\Admin\Controller\GoodsController.class.php 第 179 行.

[ 2017-11-26T17:03:05+08:00 ] 127.0.0.1 /index.php/Admin/Goods/delpics
INFO: [ app_begin ] --START--
INFO: Run Behavior\ReadHtmlCacheBehavior [ RunTime:0.001715s ]
INFO: [ app_begin ] --END-- [ RunTime:0.002277s ]
SQL: SHOW COLUMNS FROM `tpshop_goodspics` [ RunTime:0.0219s ]
SQL: SELECT * FROM `tpshop_goodspics` WHERE `id` = 0 LIMIT 1   [ RunTime:0.0005s ]
SQL: DELETE FROM `tpshop_goodspics` WHERE `id` = 0 [ RunTime:0.0003s ]
NOTIC: [8] Undefined variable: goodspics C:\tpshop\Application\Admin\Controller\GoodsController.class.php 第 176 行.
NOTIC: [2] unlink(C:\tpshop): Permission denied C:\tpshop\Application\Admin\Controller\GoodsController.class.php 第 176 行.
NOTIC: [8] Undefined variable: goodspics C:\tpshop\Application\Admin\Controller\GoodsController.class.php 第 177 行.
NOTIC: [2] unlink(C:\tpshop): Permission denied C:\tpshop\Application\Admin\Controller\GoodsController.class.php 第 177 行.
NOTIC: [8] Undefined variable: goodspics C:\tpshop\Application\Admin\Controller\GoodsController.class.php 第 178 行.
NOTIC: [2] unlink(C:\tpshop): Permission denied C:\tpshop\Application\Admin\Controller\GoodsController.class.php 第 178 行.
NOTIC: [8] Undefined variable: goodspics C:\tpshop\Application\Admin\Controller\GoodsController.class.php 第 179 行.
NOTIC: [2] unlink(C:\tpshop): Permission denied C:\tpshop\Application\Admin\Controller\GoodsController.class.php 第 179 行.

[ 2017-11-26T17:04:46+08:00 ] 127.0.0.1 /index.php/Admin/Goods/delpics
INFO: [ app_begin ] --START--
INFO: Run Behavior\ReadHtmlCacheBehavior [ RunTime:0.001949s ]
INFO: [ app_begin ] --END-- [ RunTime:0.002699s ]
SQL: SHOW COLUMNS FROM `tpshop_goodspics` [ RunTime:0.0124s ]
SQL: SELECT * FROM `tpshop_goodspics` WHERE `id` = 0 LIMIT 1   [ RunTime:0.0007s ]
SQL: DELETE FROM `tpshop_goodspics` WHERE `id` = 0 [ RunTime:0.0004s ]
NOTIC: [8] Undefined variable: goodspics C:\tpshop\Application\Admin\Controller\GoodsController.class.php 第 176 行.
NOTIC: [2] unlink(C:\tpshop): Permission denied C:\tpshop\Application\Admin\Controller\GoodsController.class.php 第 176 行.
NOTIC: [8] Undefined variable: goodspics C:\tpshop\Application\Admin\Controller\GoodsController.class.php 第 177 行.
NOTIC: [2] unlink(C:\tpshop): Permission denied C:\tpshop\Application\Admin\Controller\GoodsController.class.php 第 177 行.
NOTIC: [8] Undefined variable: goodspics C:\tpshop\Application\Admin\Controller\GoodsController.class.php 第 178 行.
NOTIC: [2] unlink(C:\tpshop): Permission denied C:\tpshop\Application\Admin\Controller\GoodsController.class.php 第 178 行.
NOTIC: [8] Undefined variable: goodspics C:\tpshop\Application\Admin\Controller\GoodsController.class.php 第 179 行.
NOTIC: [2] unlink(C:\tpshop): Permission denied C:\tpshop\Application\Admin\Controller\GoodsController.class.php 第 179 行.

[ 2017-11-26T17:04:50+08:00 ] 127.0.0.1 /index.php/Admin/Goods/delpics
INFO: [ app_begin ] --START--
INFO: Run Behavior\ReadHtmlCacheBehavior [ RunTime:0.001924s ]
INFO: [ app_begin ] --END-- [ RunTime:0.002573s ]
SQL: SHOW COLUMNS FROM `tpshop_goodspics` [ RunTime:0.0167s ]
SQL: SELECT * FROM `tpshop_goodspics` WHERE `id` = 0 LIMIT 1   [ RunTime:0.0006s ]
SQL: DELETE FROM `tpshop_goodspics` WHERE `id` = 0 [ RunTime:0.0004s ]
NOTIC: [8] Undefined variable: goodspics C:\tpshop\Application\Admin\Controller\GoodsController.class.php 第 176 行.
NOTIC: [2] unlink(C:\tpshop): Permission denied C:\tpshop\Application\Admin\Controller\GoodsController.class.php 第 176 行.
NOTIC: [8] Undefined variable: goodspics C:\tpshop\Application\Admin\Controller\GoodsController.class.php 第 177 行.
NOTIC: [2] unlink(C:\tpshop): Permission denied C:\tpshop\Application\Admin\Controller\GoodsController.class.php 第 177 行.
NOTIC: [8] Undefined variable: goodspics C:\tpshop\Application\Admin\Controller\GoodsController.class.php 第 178 行.
NOTIC: [2] unlink(C:\tpshop): Permission denied C:\tpshop\Application\Admin\Controller\GoodsController.class.php 第 178 行.
NOTIC: [8] Undefined variable: goodspics C:\tpshop\Application\Admin\Controller\GoodsController.class.php 第 179 行.
NOTIC: [2] unlink(C:\tpshop): Permission denied C:\tpshop\Application\Admin\Controller\GoodsController.class.php 第 179 行.

[ 2017-11-26T17:06:12+08:00 ] 127.0.0.1 /index.php/Admin/Goods/delpics
INFO: [ app_begin ] --START--
INFO: Run Behavior\ReadHtmlCacheBehavior [ RunTime:0.001713s ]
INFO: [ app_begin ] --END-- [ RunTime:0.002243s ]
SQL: SHOW COLUMNS FROM `tpshop_goodspics` [ RunTime:0.0151s ]
SQL: SELECT * FROM `tpshop_goodspics` WHERE `id` = 0 LIMIT 1   [ RunTime:0.0005s ]
SQL: DELETE FROM `tpshop_goodspics` WHERE `id` = 0 [ RunTime:0.0004s ]
NOTIC: [8] Undefined variable: goodspics C:\tpshop\Application\Admin\Controller\GoodsController.class.php 第 176 行.
NOTIC: [2] unlink(C:\tpshop): Permission denied C:\tpshop\Application\Admin\Controller\GoodsController.class.php 第 176 行.
NOTIC: [8] Undefined variable: goodspics C:\tpshop\Application\Admin\Controller\GoodsController.class.php 第 177 行.
NOTIC: [2] unlink(C:\tpshop): Permission denied C:\tpshop\Application\Admin\Controller\GoodsController.class.php 第 177 行.
NOTIC: [8] Undefined variable: goodspics C:\tpshop\Application\Admin\Controller\GoodsController.class.php 第 178 行.
NOTIC: [2] unlink(C:\tpshop): Permission denied C:\tpshop\Application\Admin\Controller\GoodsController.class.php 第 178 行.
NOTIC: [8] Undefined variable: goodspics C:\tpshop\Application\Admin\Controller\GoodsController.class.php 第 179 行.
NOTIC: [2] unlink(C:\tpshop): Permission denied C:\tpshop\Application\Admin\Controller\GoodsController.class.php 第 179 行.

[ 2017-11-26T17:06:15+08:00 ] 127.0.0.1 /index.php/Admin/Goods/delpics
INFO: [ app_begin ] --START--
INFO: Run Behavior\ReadHtmlCacheBehavior [ RunTime:0.001718s ]
INFO: [ app_begin ] --END-- [ RunTime:0.002452s ]
SQL: SHOW COLUMNS FROM `tpshop_goodspics` [ RunTime:0.0138s ]
SQL: SELECT * FROM `tpshop_goodspics` WHERE `id` = 0 LIMIT 1   [ RunTime:0.0006s ]
SQL: DELETE FROM `tpshop_goodspics` WHERE `id` = 0 [ RunTime:0.0005s ]
NOTIC: [8] Undefined variable: goodspics C:\tpshop\Application\Admin\Controller\GoodsController.class.php 第 176 行.
NOTIC: [2] unlink(C:\tpshop): Permission denied C:\tpshop\Application\Admin\Controller\GoodsController.class.php 第 176 行.
NOTIC: [8] Undefined variable: goodspics C:\tpshop\Application\Admin\Controller\GoodsController.class.php 第 177 行.
NOTIC: [2] unlink(C:\tpshop): Permission denied C:\tpshop\Application\Admin\Controller\GoodsController.class.php 第 177 行.
NOTIC: [8] Undefined variable: goodspics C:\tpshop\Application\Admin\Controller\GoodsController.class.php 第 178 行.
NOTIC: [2] unlink(C:\tpshop): Permission denied C:\tpshop\Application\Admin\Controller\GoodsController.class.php 第 178 行.
NOTIC: [8] Undefined variable: goodspics C:\tpshop\Application\Admin\Controller\GoodsController.class.php 第 179 行.
NOTIC: [2] unlink(C:\tpshop): Permission denied C:\tpshop\Application\Admin\Controller\GoodsController.class.php 第 179 行.

[ 2017-11-26T17:07:00+08:00 ] 127.0.0.1 /index.php/Admin/Login/ajaxlogin
INFO: [ app_begin ] --START--
INFO: Run Behavior\ReadHtmlCacheBehavior [ RunTime:0.001696s ]
INFO: [ app_begin ] --END-- [ RunTime:0.002348s ]
SQL: SHOW COLUMNS FROM `tpshop_manager` [ RunTime:0.0282s ]
SQL: SELECT * FROM `tpshop_manager` WHERE `username` = 'admin' LIMIT 1   [ RunTime:0.0009s ]

[ 2017-11-26T17:07:03+08:00 ] 127.0.0.1 /index.php/Admin/Login/ajaxlogin
INFO: [ app_begin ] --START--
INFO: Run Behavior\ReadHtmlCacheBehavior [ RunTime:0.001757s ]
INFO: [ app_begin ] --END-- [ RunTime:0.002343s ]

[ 2017-11-26T17:07:41+08:00 ] 127.0.0.1 /index.php/Admin/Login/ajaxlogin
INFO: [ app_begin ] --START--
INFO: Run Behavior\ReadHtmlCacheBehavior [ RunTime:0.001465s ]
INFO: [ app_begin ] --END-- [ RunTime:0.002027s ]
SQL: SHOW COLUMNS FROM `tpshop_manager` [ RunTime:0.0070s ]
SQL: SELECT * FROM `tpshop_manager` WHERE `username` = 'admin' LIMIT 1   [ RunTime:0.0003s ]

[ 2017-11-26T17:07:52+08:00 ] 127.0.0.1 /index.php/Admin/Login/ajaxlogin
INFO: [ app_begin ] --START--
INFO: Run Behavior\ReadHtmlCacheBehavior [ RunTime:0.001970s ]
INFO: [ app_begin ] --END-- [ RunTime:0.002607s ]
SQL: SHOW COLUMNS FROM `tpshop_manager` [ RunTime:0.0200s ]
SQL: SELECT * FROM `tpshop_manager` WHERE `username` = 'admin' LIMIT 1   [ RunTime:0.0009s ]

[ 2017-11-26T17:08:09+08:00 ] 127.0.0.1 /index.php/Admin/Login/ajaxlogin
INFO: [ app_begin ] --START--
INFO: Run Behavior\ReadHtmlCacheBehavior [ RunTime:0.001257s ]
INFO: [ app_begin ] --END-- [ RunTime:0.001889s ]
SQL: SHOW COLUMNS FROM `tpshop_manager` [ RunTime:0.0247s ]
SQL: SELECT * FROM `tpshop_manager` WHERE `username` = 'admin' LIMIT 1   [ RunTime:0.0008s ]

[ 2017-11-26T17:09:45+08:00 ] 127.0.0.1 /index.php/Admin/Goods/delpics
INFO: [ app_begin ] --START--
INFO: Run Behavior\ReadHtmlCacheBehavior [ RunTime:0.001997s ]
INFO: [ app_begin ] --END-- [ RunTime:0.002600s ]
SQL: SHOW COLUMNS FROM `tpshop_goodspics` [ RunTime:0.0158s ]
SQL: SELECT * FROM `tpshop_goodspics` WHERE `id` = 0 LIMIT 1   [ RunTime:0.0005s ]
SQL: DELETE FROM `tpshop_goodspics` WHERE `id` = 0 [ RunTime:0.0004s ]
NOTIC: [8] Undefined variable: goodspics C:\tpshop\Application\Admin\Controller\GoodsController.class.php 第 176 行.
NOTIC: [2] unlink(C:\tpshop): Permission denied C:\tpshop\Application\Admin\Controller\GoodsController.class.php 第 176 行.
NOTIC: [8] Undefined variable: goodspics C:\tpshop\Application\Admin\Controller\GoodsController.class.php 第 177 行.
NOTIC: [2] unlink(C:\tpshop): Permission denied C:\tpshop\Application\Admin\Controller\GoodsController.class.php 第 177 行.
NOTIC: [8] Undefined variable: goodspics C:\tpshop\Application\Admin\Controller\GoodsController.class.php 第 178 行.
NOTIC: [2] unlink(C:\tpshop): Permission denied C:\tpshop\Application\Admin\Controller\GoodsController.class.php 第 178 行.
NOTIC: [8] Undefined variable: goodspics C:\tpshop\Application\Admin\Controller\GoodsController.class.php 第 179 行.
NOTIC: [2] unlink(C:\tpshop): Permission denied C:\tpshop\Application\Admin\Controller\GoodsController.class.php 第 179 行.

[ 2017-11-26T17:09:47+08:00 ] 127.0.0.1 /index.php/Admin/Goods/delpics
INFO: [ app_begin ] --START--
INFO: Run Behavior\ReadHtmlCacheBehavior [ RunTime:0.001789s ]
INFO: [ app_begin ] --END-- [ RunTime:0.002430s ]
SQL: SHOW COLUMNS FROM `tpshop_goodspics` [ RunTime:0.0084s ]
SQL: SELECT * FROM `tpshop_goodspics` WHERE `id` = 0 LIMIT 1   [ RunTime:0.0003s ]
SQL: DELETE FROM `tpshop_goodspics` WHERE `id` = 0 [ RunTime:0.0002s ]
NOTIC: [8] Undefined variable: goodspics C:\tpshop\Application\Admin\Controller\GoodsController.class.php 第 176 行.
NOTIC: [2] unlink(C:\tpshop): Permission denied C:\tpshop\Application\Admin\Controller\GoodsController.class.php 第 176 行.
NOTIC: [8] Undefined variable: goodspics C:\tpshop\Application\Admin\Controller\GoodsController.class.php 第 177 行.
NOTIC: [2] unlink(C:\tpshop): Permission denied C:\tpshop\Application\Admin\Controller\GoodsController.class.php 第 177 行.
NOTIC: [8] Undefined variable: goodspics C:\tpshop\Application\Admin\Controller\GoodsController.class.php 第 178 行.
NOTIC: [2] unlink(C:\tpshop): Permission denied C:\tpshop\Application\Admin\Controller\GoodsController.class.php 第 178 行.
NOTIC: [8] Undefined variable: goodspics C:\tpshop\Application\Admin\Controller\GoodsController.class.php 第 179 行.
NOTIC: [2] unlink(C:\tpshop): Permission denied C:\tpshop\Application\Admin\Controller\GoodsController.class.php 第 179 行.

[ 2017-11-26T17:10:47+08:00 ] 127.0.0.1 /index.php/Admin/Goods/delpics
INFO: [ app_begin ] --START--
INFO: Run Behavior\ReadHtmlCacheBehavior [ RunTime:0.001118s ]
INFO: [ app_begin ] --END-- [ RunTime:0.001668s ]
SQL: SHOW COLUMNS FROM `tpshop_goodspics` [ RunTime:0.0140s ]
SQL: SELECT * FROM `tpshop_goodspics` WHERE `id` = 0 LIMIT 1   [ RunTime:0.0005s ]
SQL: DELETE FROM `tpshop_goodspics` WHERE `id` = 0 [ RunTime:0.0003s ]
NOTIC: [8] Undefined variable: goodspics C:\tpshop\Application\Admin\Controller\GoodsController.class.php 第 176 行.
NOTIC: [2] unlink(C:\tpshop): Permission denied C:\tpshop\Application\Admin\Controller\GoodsController.class.php 第 176 行.
NOTIC: [8] Undefined variable: goodspics C:\tpshop\Application\Admin\Controller\GoodsController.class.php 第 177 行.
NOTIC: [2] unlink(C:\tpshop): Permission denied C:\tpshop\Application\Admin\Controller\GoodsController.class.php 第 177 行.
NOTIC: [8] Undefined variable: goodspics C:\tpshop\Application\Admin\Controller\GoodsController.class.php 第 178 行.
NOTIC: [2] unlink(C:\tpshop): Permission denied C:\tpshop\Application\Admin\Controller\GoodsController.class.php 第 178 行.
NOTIC: [8] Undefined variable: goodspics C:\tpshop\Application\Admin\Controller\GoodsController.class.php 第 179 行.
NOTIC: [2] unlink(C:\tpshop): Permission denied C:\tpshop\Application\Admin\Controller\GoodsController.class.php 第 179 行.

[ 2017-11-26T17:12:32+08:00 ] 127.0.0.1 /index.php/Admin/Goods/delpics
INFO: [ app_begin ] --START--
INFO: Run Behavior\ReadHtmlCacheBehavior [ RunTime:0.001459s ]
INFO: [ app_begin ] --END-- [ RunTime:0.002005s ]
SQL: SHOW COLUMNS FROM `tpshop_goodspics` [ RunTime:0.0346s ]
SQL: SELECT * FROM `tpshop_goodspics` WHERE `id` = 0 LIMIT 1   [ RunTime:0.0009s ]
SQL: DELETE FROM `tpshop_goodspics` WHERE `id` = 0 [ RunTime:0.0005s ]
NOTIC: [8] Undefined variable: goodspics C:\tpshop\Application\Admin\Controller\GoodsController.class.php 第 176 行.
NOTIC: [2] unlink(C:\tpshop): Permission denied C:\tpshop\Application\Admin\Controller\GoodsController.class.php 第 176 行.
NOTIC: [8] Undefined variable: goodspics C:\tpshop\Application\Admin\Controller\GoodsController.class.php 第 177 行.
NOTIC: [2] unlink(C:\tpshop): Permission denied C:\tpshop\Application\Admin\Controller\GoodsController.class.php 第 177 行.
NOTIC: [8] Undefined variable: goodspics C:\tpshop\Application\Admin\Controller\GoodsController.class.php 第 178 行.
NOTIC: [2] unlink(C:\tpshop): Permission denied C:\tpshop\Application\Admin\Controller\GoodsController.class.php 第 178 行.
NOTIC: [8] Undefined variable: goodspics C:\tpshop\Application\Admin\Controller\GoodsController.class.php 第 179 行.
NOTIC: [2] unlink(C:\tpshop): Permission denied C:\tpshop\Application\Admin\Controller\GoodsController.class.php 第 179 行.

[ 2017-11-26T17:12:56+08:00 ] 127.0.0.1 /index.php/Admin/Goods/delpics
INFO: [ app_begin ] --START--
INFO: Run Behavior\ReadHtmlCacheBehavior [ RunTime:0.001784s ]
INFO: [ app_begin ] --END-- [ RunTime:0.002535s ]
SQL: SHOW COLUMNS FROM `tpshop_goodspics` [ RunTime:0.0196s ]
SQL: SELECT * FROM `tpshop_goodspics` WHERE `id` = 0 LIMIT 1   [ RunTime:0.0007s ]
SQL: DELETE FROM `tpshop_goodspics` WHERE `id` = 0 [ RunTime:0.0008s ]
NOTIC: [8] Undefined variable: goodspics C:\tpshop\Application\Admin\Controller\GoodsController.class.php 第 176 行.
NOTIC: [2] unlink(C:\tpshop): Permission denied C:\tpshop\Application\Admin\Controller\GoodsController.class.php 第 176 行.
NOTIC: [8] Undefined variable: goodspics C:\tpshop\Application\Admin\Controller\GoodsController.class.php 第 177 行.
NOTIC: [2] unlink(C:\tpshop): Permission denied C:\tpshop\Application\Admin\Controller\GoodsController.class.php 第 177 行.
NOTIC: [8] Undefined variable: goodspics C:\tpshop\Application\Admin\Controller\GoodsController.class.php 第 178 行.
NOTIC: [2] unlink(C:\tpshop): Permission denied C:\tpshop\Application\Admin\Controller\GoodsController.class.php 第 178 行.
NOTIC: [8] Undefined variable: goodspics C:\tpshop\Application\Admin\Controller\GoodsController.class.php 第 179 行.
NOTIC: [2] unlink(C:\tpshop): Permission denied C:\tpshop\Application\Admin\Controller\GoodsController.class.php 第 179 行.

[ 2017-11-26T17:21:47+08:00 ] 127.0.0.1 /index.php/Admin/Goods/delpics
INFO: [ app_begin ] --START--
INFO: Run Behavior\ReadHtmlCacheBehavior [ RunTime:0.001447s ]
INFO: [ app_begin ] --END-- [ RunTime:0.002098s ]
SQL: SHOW COLUMNS FROM `tpshop_goodspics` [ RunTime:0.0442s ]
SQL: SELECT * FROM `tpshop_goodspics` WHERE `id` = 0 LIMIT 1   [ RunTime:0.0005s ]
SQL: DELETE FROM `tpshop_goodspics` WHERE `id` = 0 [ RunTime:0.0004s ]
NOTIC: [8] Undefined variable: goodspics C:\tpshop\Application\Admin\Controller\GoodsController.class.php 第 176 行.
NOTIC: [2] unlink(C:\tpshop): Permission denied C:\tpshop\Application\Admin\Controller\GoodsController.class.php 第 176 行.
NOTIC: [8] Undefined variable: goodspics C:\tpshop\Application\Admin\Controller\GoodsController.class.php 第 177 行.
NOTIC: [2] unlink(C:\tpshop): Permission denied C:\tpshop\Application\Admin\Controller\GoodsController.class.php 第 177 行.
NOTIC: [8] Undefined variable: goodspics C:\tpshop\Application\Admin\Controller\GoodsController.class.php 第 178 行.
NOTIC: [2] unlink(C:\tpshop): Permission denied C:\tpshop\Application\Admin\Controller\GoodsController.class.php 第 178 行.
NOTIC: [8] Undefined variable: goodspics C:\tpshop\Application\Admin\Controller\GoodsController.class.php 第 179 行.
NOTIC: [2] unlink(C:\tpshop): Permission denied C:\tpshop\Application\Admin\Controller\GoodsController.class.php 第 179 行.

[ 2017-11-26T17:26:11+08:00 ] 127.0.0.1 /index.php/Admin/Goods/delpics
INFO: [ app_begin ] --START--
INFO: Run Behavior\ReadHtmlCacheBehavior [ RunTime:0.001482s ]
INFO: [ app_begin ] --END-- [ RunTime:0.002093s ]
SQL: SHOW COLUMNS FROM `tpshop_goodspics` [ RunTime:0.0098s ]
SQL: SELECT * FROM `tpshop_goodspics` WHERE `id` = 0 LIMIT 1   [ RunTime:0.0003s ]
SQL: DELETE FROM `tpshop_goodspics` WHERE `id` = 0 [ RunTime:0.0003s ]
NOTIC: [8] Undefined variable: goodspics C:\tpshop\Application\Admin\Controller\GoodsController.class.php 第 176 行.
NOTIC: [2] unlink(C:\tpshop): Permission denied C:\tpshop\Application\Admin\Controller\GoodsController.class.php 第 176 行.
NOTIC: [8] Undefined variable: goodspics C:\tpshop\Application\Admin\Controller\GoodsController.class.php 第 177 行.
NOTIC: [2] unlink(C:\tpshop): Permission denied C:\tpshop\Application\Admin\Controller\GoodsController.class.php 第 177 行.
NOTIC: [8] Undefined variable: goodspics C:\tpshop\Application\Admin\Controller\GoodsController.class.php 第 178 行.
NOTIC: [2] unlink(C:\tpshop): Permission denied C:\tpshop\Application\Admin\Controller\GoodsController.class.php 第 178 行.
NOTIC: [8] Undefined variable: goodspics C:\tpshop\Application\Admin\Controller\GoodsController.class.php 第 179 行.
NOTIC: [2] unlink(C:\tpshop): Permission denied C:\tpshop\Application\Admin\Controller\GoodsController.class.php 第 179 行.

[ 2017-11-26T17:32:14+08:00 ] 127.0.0.1 /index.php/Admin/Goods/delpics
INFO: [ app_begin ] --START--
INFO: Run Behavior\ReadHtmlCacheBehavior [ RunTime:0.002422s ]
INFO: [ app_begin ] --END-- [ RunTime:0.003087s ]
SQL: SHOW COLUMNS FROM `tpshop_goodspics` [ RunTime:0.0053s ]
SQL: SELECT * FROM `tpshop_goodspics` WHERE `id` = 0 LIMIT 1   [ RunTime:0.0003s ]
SQL: DELETE FROM `tpshop_goodspics` WHERE `id` = 0 [ RunTime:0.0002s ]
NOTIC: [8] Undefined variable: goodspics C:\tpshop\Application\Admin\Controller\GoodsController.class.php 第 176 行.
NOTIC: [2] unlink(C:\tpshop): Permission denied C:\tpshop\Application\Admin\Controller\GoodsController.class.php 第 176 行.
NOTIC: [8] Undefined variable: goodspics C:\tpshop\Application\Admin\Controller\GoodsController.class.php 第 177 行.
NOTIC: [2] unlink(C:\tpshop): Permission denied C:\tpshop\Application\Admin\Controller\GoodsController.class.php 第 177 行.
NOTIC: [8] Undefined variable: goodspics C:\tpshop\Application\Admin\Controller\GoodsController.class.php 第 178 行.
NOTIC: [2] unlink(C:\tpshop): Permission denied C:\tpshop\Application\Admin\Controller\GoodsController.class.php 第 178 行.
NOTIC: [8] Undefined variable: goodspics C:\tpshop\Application\Admin\Controller\GoodsController.class.php 第 179 行.
NOTIC: [2] unlink(C:\tpshop): Permission denied C:\tpshop\Application\Admin\Controller\GoodsController.class.php 第 179 行.

[ 2017-11-26T17:36:49+08:00 ] 127.0.0.1 /index.php/Admin/Goods/delpics
INFO: [ app_begin ] --START--
INFO: Run Behavior\ReadHtmlCacheBehavior [ RunTime:0.001865s ]
INFO: [ app_begin ] --END-- [ RunTime:0.002994s ]
SQL: SHOW COLUMNS FROM `tpshop_goodspics` [ RunTime:0.0298s ]
SQL: SELECT * FROM `tpshop_goodspics` WHERE `id` = 0 LIMIT 1   [ RunTime:0.0007s ]
SQL: DELETE FROM `tpshop_goodspics` WHERE `id` = 0 [ RunTime:0.0005s ]
NOTIC: [8] Undefined variable: goodspics C:\tpshop\Application\Admin\Controller\GoodsController.class.php 第 176 行.
NOTIC: [2] unlink(C:\tpshop): Permission denied C:\tpshop\Application\Admin\Controller\GoodsController.class.php 第 176 行.
NOTIC: [8] Undefined variable: goodspics C:\tpshop\Application\Admin\Controller\GoodsController.class.php 第 177 行.
NOTIC: [2] unlink(C:\tpshop): Permission denied C:\tpshop\Application\Admin\Controller\GoodsController.class.php 第 177 行.
NOTIC: [8] Undefined variable: goodspics C:\tpshop\Application\Admin\Controller\GoodsController.class.php 第 178 行.
NOTIC: [2] unlink(C:\tpshop): Permission denied C:\tpshop\Application\Admin\Controller\GoodsController.class.php 第 178 行.
NOTIC: [8] Undefined variable: goodspics C:\tpshop\Application\Admin\Controller\GoodsController.class.php 第 179 行.
NOTIC: [2] unlink(C:\tpshop): Permission denied C:\tpshop\Application\Admin\Controller\GoodsController.class.php 第 179 行.

[ 2017-11-26T17:37:03+08:00 ] 127.0.0.1 /index.php/Admin/Goods/delpics
INFO: [ app_begin ] --START--
INFO: Run Behavior\ReadHtmlCacheBehavior [ RunTime:0.001386s ]
INFO: [ app_begin ] --END-- [ RunTime:0.001927s ]
SQL: SHOW COLUMNS FROM `tpshop_goodspics` [ RunTime:0.0195s ]
SQL: SELECT * FROM `tpshop_goodspics` WHERE `id` = 0 LIMIT 1   [ RunTime:0.0007s ]
SQL: DELETE FROM `tpshop_goodspics` WHERE `id` = 0 [ RunTime:0.0005s ]
NOTIC: [8] Undefined variable: goodspics C:\tpshop\Application\Admin\Controller\GoodsController.class.php 第 176 行.
NOTIC: [2] unlink(C:\tpshop): Permission denied C:\tpshop\Application\Admin\Controller\GoodsController.class.php 第 176 行.
NOTIC: [8] Undefined variable: goodspics C:\tpshop\Application\Admin\Controller\GoodsController.class.php 第 177 行.
NOTIC: [2] unlink(C:\tpshop): Permission denied C:\tpshop\Application\Admin\Controller\GoodsController.class.php 第 177 行.
NOTIC: [8] Undefined variable: goodspics C:\tpshop\Application\Admin\Controller\GoodsController.class.php 第 178 行.
NOTIC: [2] unlink(C:\tpshop): Permission denied C:\tpshop\Application\Admin\Controller\GoodsController.class.php 第 178 行.
NOTIC: [8] Undefined variable: goodspics C:\tpshop\Application\Admin\Controller\GoodsController.class.php 第 179 行.
NOTIC: [2] unlink(C:\tpshop): Permission denied C:\tpshop\Application\Admin\Controller\GoodsController.class.php 第 179 行.

[ 2017-11-26T17:37:04+08:00 ] 127.0.0.1 /index.php/Admin/Goods/delpics
INFO: [ app_begin ] --START--
INFO: Run Behavior\ReadHtmlCacheBehavior [ RunTime:0.001777s ]
INFO: [ app_begin ] --END-- [ RunTime:0.002365s ]
SQL: SHOW COLUMNS FROM `tpshop_goodspics` [ RunTime:0.0356s ]
SQL: SELECT * FROM `tpshop_goodspics` WHERE `id` = 0 LIMIT 1   [ RunTime:0.0010s ]
SQL: DELETE FROM `tpshop_goodspics` WHERE `id` = 0 [ RunTime:0.0007s ]
NOTIC: [8] Undefined variable: goodspics C:\tpshop\Application\Admin\Controller\GoodsController.class.php 第 176 行.
NOTIC: [2] unlink(C:\tpshop): Permission denied C:\tpshop\Application\Admin\Controller\GoodsController.class.php 第 176 行.
NOTIC: [8] Undefined variable: goodspics C:\tpshop\Application\Admin\Controller\GoodsController.class.php 第 177 行.
NOTIC: [2] unlink(C:\tpshop): Permission denied C:\tpshop\Application\Admin\Controller\GoodsController.class.php 第 177 行.
NOTIC: [8] Undefined variable: goodspics C:\tpshop\Application\Admin\Controller\GoodsController.class.php 第 178 行.
NOTIC: [2] unlink(C:\tpshop): Permission denied C:\tpshop\Application\Admin\Controller\GoodsController.class.php 第 178 行.
NOTIC: [8] Undefined variable: goodspics C:\tpshop\Application\Admin\Controller\GoodsController.class.php 第 179 行.
NOTIC: [2] unlink(C:\tpshop): Permission denied C:\tpshop\Application\Admin\Controller\GoodsController.class.php 第 179 行.

[ 2017-11-26T17:37:29+08:00 ] 127.0.0.1 /index.php/Admin/Goods/delpics
INFO: [ app_begin ] --START--
INFO: Run Behavior\ReadHtmlCacheBehavior [ RunTime:0.001791s ]
INFO: [ app_begin ] --END-- [ RunTime:0.002396s ]
SQL: SHOW COLUMNS FROM `tpshop_goodspics` [ RunTime:0.0264s ]
SQL: SELECT * FROM `tpshop_goodspics` WHERE `id` = 0 LIMIT 1   [ RunTime:0.0006s ]
SQL: DELETE FROM `tpshop_goodspics` WHERE `id` = 0 [ RunTime:0.0004s ]
NOTIC: [8] Undefined variable: goodspics C:\tpshop\Application\Admin\Controller\GoodsController.class.php 第 176 行.
NOTIC: [2] unlink(C:\tpshop): Permission denied C:\tpshop\Application\Admin\Controller\GoodsController.class.php 第 176 行.
NOTIC: [8] Undefined variable: goodspics C:\tpshop\Application\Admin\Controller\GoodsController.class.php 第 177 行.
NOTIC: [2] unlink(C:\tpshop): Permission denied C:\tpshop\Application\Admin\Controller\GoodsController.class.php 第 177 行.
NOTIC: [8] Undefined variable: goodspics C:\tpshop\Application\Admin\Controller\GoodsController.class.php 第 178 行.
NOTIC: [2] unlink(C:\tpshop): Permission denied C:\tpshop\Application\Admin\Controller\GoodsController.class.php 第 178 行.
NOTIC: [8] Undefined variable: goodspics C:\tpshop\Application\Admin\Controller\GoodsController.class.php 第 179 行.
NOTIC: [2] unlink(C:\tpshop): Permission denied C:\tpshop\Application\Admin\Controller\GoodsController.class.php 第 179 行.

[ 2017-11-26T17:37:30+08:00 ] 127.0.0.1 /index.php/Admin/Goods/delpics
INFO: [ app_begin ] --START--
INFO: Run Behavior\ReadHtmlCacheBehavior [ RunTime:0.001857s ]
INFO: [ app_begin ] --END-- [ RunTime:0.002470s ]
SQL: SHOW COLUMNS FROM `tpshop_goodspics` [ RunTime:0.0291s ]
SQL: SELECT * FROM `tpshop_goodspics` WHERE `id` = 0 LIMIT 1   [ RunTime:0.0011s ]
SQL: DELETE FROM `tpshop_goodspics` WHERE `id` = 0 [ RunTime:0.0008s ]
NOTIC: [8] Undefined variable: goodspics C:\tpshop\Application\Admin\Controller\GoodsController.class.php 第 176 行.
NOTIC: [2] unlink(C:\tpshop): Permission denied C:\tpshop\Application\Admin\Controller\GoodsController.class.php 第 176 行.
NOTIC: [8] Undefined variable: goodspics C:\tpshop\Application\Admin\Controller\GoodsController.class.php 第 177 行.
NOTIC: [2] unlink(C:\tpshop): Permission denied C:\tpshop\Application\Admin\Controller\GoodsController.class.php 第 177 行.
NOTIC: [8] Undefined variable: goodspics C:\tpshop\Application\Admin\Controller\GoodsController.class.php 第 178 行.
NOTIC: [2] unlink(C:\tpshop): Permission denied C:\tpshop\Application\Admin\Controller\GoodsController.class.php 第 178 行.
NOTIC: [8] Undefined variable: goodspics C:\tpshop\Application\Admin\Controller\GoodsController.class.php 第 179 行.
NOTIC: [2] unlink(C:\tpshop): Permission denied C:\tpshop\Application\Admin\Controller\GoodsController.class.php 第 179 行.

[ 2017-11-26T17:37:31+08:00 ] 127.0.0.1 /index.php/Admin/Goods/delpics
INFO: [ app_begin ] --START--
INFO: Run Behavior\ReadHtmlCacheBehavior [ RunTime:0.001784s ]
INFO: [ app_begin ] --END-- [ RunTime:0.002406s ]
SQL: SHOW COLUMNS FROM `tpshop_goodspics` [ RunTime:0.0060s ]
SQL: SELECT * FROM `tpshop_goodspics` WHERE `id` = 0 LIMIT 1   [ RunTime:0.0003s ]
SQL: DELETE FROM `tpshop_goodspics` WHERE `id` = 0 [ RunTime:0.0003s ]
NOTIC: [8] Undefined variable: goodspics C:\tpshop\Application\Admin\Controller\GoodsController.class.php 第 176 行.
NOTIC: [2] unlink(C:\tpshop): Permission denied C:\tpshop\Application\Admin\Controller\GoodsController.class.php 第 176 行.
NOTIC: [8] Undefined variable: goodspics C:\tpshop\Application\Admin\Controller\GoodsController.class.php 第 177 行.
NOTIC: [2] unlink(C:\tpshop): Permission denied C:\tpshop\Application\Admin\Controller\GoodsController.class.php 第 177 行.
NOTIC: [8] Undefined variable: goodspics C:\tpshop\Application\Admin\Controller\GoodsController.class.php 第 178 行.
NOTIC: [2] unlink(C:\tpshop): Permission denied C:\tpshop\Application\Admin\Controller\GoodsController.class.php 第 178 行.
NOTIC: [8] Undefined variable: goodspics C:\tpshop\Application\Admin\Controller\GoodsController.class.php 第 179 行.
NOTIC: [2] unlink(C:\tpshop): Permission denied C:\tpshop\Application\Admin\Controller\GoodsController.class.php 第 179 行.

[ 2017-11-26T17:37:32+08:00 ] 127.0.0.1 /index.php/Admin/Goods/delpics
INFO: [ app_begin ] --START--
INFO: Run Behavior\ReadHtmlCacheBehavior [ RunTime:0.002212s ]
INFO: [ app_begin ] --END-- [ RunTime:0.002765s ]
SQL: SHOW COLUMNS FROM `tpshop_goodspics` [ RunTime:0.0162s ]
SQL: SELECT * FROM `tpshop_goodspics` WHERE `id` = 0 LIMIT 1   [ RunTime:0.0005s ]
SQL: DELETE FROM `tpshop_goodspics` WHERE `id` = 0 [ RunTime:0.0005s ]
NOTIC: [8] Undefined variable: goodspics C:\tpshop\Application\Admin\Controller\GoodsController.class.php 第 176 行.
NOTIC: [2] unlink(C:\tpshop): Permission denied C:\tpshop\Application\Admin\Controller\GoodsController.class.php 第 176 行.
NOTIC: [8] Undefined variable: goodspics C:\tpshop\Application\Admin\Controller\GoodsController.class.php 第 177 行.
NOTIC: [2] unlink(C:\tpshop): Permission denied C:\tpshop\Application\Admin\Controller\GoodsController.class.php 第 177 行.
NOTIC: [8] Undefined variable: goodspics C:\tpshop\Application\Admin\Controller\GoodsController.class.php 第 178 行.
NOTIC: [2] unlink(C:\tpshop): Permission denied C:\tpshop\Application\Admin\Controller\GoodsController.class.php 第 178 行.
NOTIC: [8] Undefined variable: goodspics C:\tpshop\Application\Admin\Controller\GoodsController.class.php 第 179 行.
NOTIC: [2] unlink(C:\tpshop): Permission denied C:\tpshop\Application\Admin\Controller\GoodsController.class.php 第 179 行.

[ 2017-11-26T17:37:34+08:00 ] 127.0.0.1 /index.php/Admin/Goods/delpics
INFO: [ app_begin ] --START--
INFO: Run Behavior\ReadHtmlCacheBehavior [ RunTime:0.002167s ]
INFO: [ app_begin ] --END-- [ RunTime:0.002841s ]
SQL: SHOW COLUMNS FROM `tpshop_goodspics` [ RunTime:0.0199s ]
SQL: SELECT * FROM `tpshop_goodspics` WHERE `id` = 0 LIMIT 1   [ RunTime:0.0004s ]
SQL: DELETE FROM `tpshop_goodspics` WHERE `id` = 0 [ RunTime:0.0002s ]
NOTIC: [8] Undefined variable: goodspics C:\tpshop\Application\Admin\Controller\GoodsController.class.php 第 176 行.
NOTIC: [2] unlink(C:\tpshop): Permission denied C:\tpshop\Application\Admin\Controller\GoodsController.class.php 第 176 行.
NOTIC: [8] Undefined variable: goodspics C:\tpshop\Application\Admin\Controller\GoodsController.class.php 第 177 行.
NOTIC: [2] unlink(C:\tpshop): Permission denied C:\tpshop\Application\Admin\Controller\GoodsController.class.php 第 177 行.
NOTIC: [8] Undefined variable: goodspics C:\tpshop\Application\Admin\Controller\GoodsController.class.php 第 178 行.
NOTIC: [2] unlink(C:\tpshop): Permission denied C:\tpshop\Application\Admin\Controller\GoodsController.class.php 第 178 行.
NOTIC: [8] Undefined variable: goodspics C:\tpshop\Application\Admin\Controller\GoodsController.class.php 第 179 行.
NOTIC: [2] unlink(C:\tpshop): Permission denied C:\tpshop\Application\Admin\Controller\GoodsController.class.php 第 179 行.

[ 2017-11-26T17:37:35+08:00 ] 127.0.0.1 /index.php/Admin/Goods/delpics
INFO: [ app_begin ] --START--
INFO: Run Behavior\ReadHtmlCacheBehavior [ RunTime:0.001832s ]
INFO: [ app_begin ] --END-- [ RunTime:0.002401s ]
SQL: SHOW COLUMNS FROM `tpshop_goodspics` [ RunTime:0.0249s ]
SQL: SELECT * FROM `tpshop_goodspics` WHERE `id` = 0 LIMIT 1   [ RunTime:0.0009s ]
SQL: DELETE FROM `tpshop_goodspics` WHERE `id` = 0 [ RunTime:0.0006s ]
NOTIC: [8] Undefined variable: goodspics C:\tpshop\Application\Admin\Controller\GoodsController.class.php 第 176 行.
NOTIC: [2] unlink(C:\tpshop): Permission denied C:\tpshop\Application\Admin\Controller\GoodsController.class.php 第 176 行.
NOTIC: [8] Undefined variable: goodspics C:\tpshop\Application\Admin\Controller\GoodsController.class.php 第 177 行.
NOTIC: [2] unlink(C:\tpshop): Permission denied C:\tpshop\Application\Admin\Controller\GoodsController.class.php 第 177 行.
NOTIC: [8] Undefined variable: goodspics C:\tpshop\Application\Admin\Controller\GoodsController.class.php 第 178 行.
NOTIC: [2] unlink(C:\tpshop): Permission denied C:\tpshop\Application\Admin\Controller\GoodsController.class.php 第 178 行.
NOTIC: [8] Undefined variable: goodspics C:\tpshop\Application\Admin\Controller\GoodsController.class.php 第 179 行.
NOTIC: [2] unlink(C:\tpshop): Permission denied C:\tpshop\Application\Admin\Controller\GoodsController.class.php 第 179 行.

[ 2017-11-26T17:39:10+08:00 ] 127.0.0.1 /index.php/Admin/Goods/delpics
INFO: [ app_begin ] --START--
INFO: Run Behavior\ReadHtmlCacheBehavior [ RunTime:0.002196s ]
INFO: [ app_begin ] --END-- [ RunTime:0.002795s ]
SQL: SHOW COLUMNS FROM `tpshop_goodspics` [ RunTime:0.0124s ]
SQL: SELECT * FROM `tpshop_goodspics` WHERE `id` = 0 LIMIT 1   [ RunTime:0.0005s ]
SQL: DELETE FROM `tpshop_goodspics` WHERE `id` = 0 [ RunTime:0.0003s ]
NOTIC: [8] Undefined variable: goodspics C:\tpshop\Application\Admin\Controller\GoodsController.class.php 第 176 行.
NOTIC: [2] unlink(C:\tpshop): Permission denied C:\tpshop\Application\Admin\Controller\GoodsController.class.php 第 176 行.
NOTIC: [8] Undefined variable: goodspics C:\tpshop\Application\Admin\Controller\GoodsController.class.php 第 177 行.
NOTIC: [2] unlink(C:\tpshop): Permission denied C:\tpshop\Application\Admin\Controller\GoodsController.class.php 第 177 行.
NOTIC: [8] Undefined variable: goodspics C:\tpshop\Application\Admin\Controller\GoodsController.class.php 第 178 行.
NOTIC: [2] unlink(C:\tpshop): Permission denied C:\tpshop\Application\Admin\Controller\GoodsController.class.php 第 178 行.
NOTIC: [8] Undefined variable: goodspics C:\tpshop\Application\Admin\Controller\GoodsController.class.php 第 179 行.
NOTIC: [2] unlink(C:\tpshop): Permission denied C:\tpshop\Application\Admin\Controller\GoodsController.class.php 第 179 行.

[ 2017-11-26T17:40:11+08:00 ] 127.0.0.1 /index.php/Admin/Goods/delpics
INFO: [ app_begin ] --START--
INFO: Run Behavior\ReadHtmlCacheBehavior [ RunTime:0.001909s ]
INFO: [ app_begin ] --END-- [ RunTime:0.002541s ]
SQL: SHOW COLUMNS FROM `tpshop_goodspics` [ RunTime:0.0178s ]
SQL: SELECT * FROM `tpshop_goodspics` WHERE `id` = 0 LIMIT 1   [ RunTime:0.0006s ]
SQL: DELETE FROM `tpshop_goodspics` WHERE `id` = 0 [ RunTime:0.0005s ]
NOTIC: [8] Undefined variable: goodspics C:\tpshop\Application\Admin\Controller\GoodsController.class.php 第 176 行.
NOTIC: [2] unlink(C:\tpshop): Permission denied C:\tpshop\Application\Admin\Controller\GoodsController.class.php 第 176 行.
NOTIC: [8] Undefined variable: goodspics C:\tpshop\Application\Admin\Controller\GoodsController.class.php 第 177 行.
NOTIC: [2] unlink(C:\tpshop): Permission denied C:\tpshop\Application\Admin\Controller\GoodsController.class.php 第 177 行.
NOTIC: [8] Undefined variable: goodspics C:\tpshop\Application\Admin\Controller\GoodsController.class.php 第 178 行.
NOTIC: [2] unlink(C:\tpshop): Permission denied C:\tpshop\Application\Admin\Controller\GoodsController.class.php 第 178 行.
NOTIC: [8] Undefined variable: goodspics C:\tpshop\Application\Admin\Controller\GoodsController.class.php 第 179 行.
NOTIC: [2] unlink(C:\tpshop): Permission denied C:\tpshop\Application\Admin\Controller\GoodsController.class.php 第 179 行.

[ 2017-11-26T17:41:40+08:00 ] 127.0.0.1 /index.php/Admin/Goods/delpics
INFO: [ app_begin ] --START--
INFO: Run Behavior\ReadHtmlCacheBehavior [ RunTime:0.002603s ]
INFO: [ app_begin ] --END-- [ RunTime:0.003252s ]
SQL: SHOW COLUMNS FROM `tpshop_goodspics` [ RunTime:0.0089s ]
SQL: SELECT * FROM `tpshop_goodspics` WHERE `id` = 8 LIMIT 1   [ RunTime:0.0004s ]
SQL: DELETE FROM `tpshop_goodspics` WHERE `id` = 8 [ RunTime:0.0404s ]
NOTIC: [8] Undefined variable: goodspics C:\tpshop\Application\Admin\Controller\GoodsController.class.php 第 176 行.
NOTIC: [2] unlink(C:\tpshop): Permission denied C:\tpshop\Application\Admin\Controller\GoodsController.class.php 第 176 行.
NOTIC: [8] Undefined variable: goodspics C:\tpshop\Application\Admin\Controller\GoodsController.class.php 第 177 行.
NOTIC: [2] unlink(C:\tpshop): Permission denied C:\tpshop\Application\Admin\Controller\GoodsController.class.php 第 177 行.
NOTIC: [8] Undefined variable: goodspics C:\tpshop\Application\Admin\Controller\GoodsController.class.php 第 178 行.
NOTIC: [2] unlink(C:\tpshop): Permission denied C:\tpshop\Application\Admin\Controller\GoodsController.class.php 第 178 行.
NOTIC: [8] Undefined variable: goodspics C:\tpshop\Application\Admin\Controller\GoodsController.class.php 第 179 行.
NOTIC: [2] unlink(C:\tpshop): Permission denied C:\tpshop\Application\Admin\Controller\GoodsController.class.php 第 179 行.

