[ 2017-12-02T16:58:59+08:00 ] 127.0.0.1 /index.php/Admin/Login/ajaxlogin
INFO: [ app_begin ] --START--
INFO: Run Behavior\ReadHtmlCacheBehavior [ RunTime:0.001721s ]
INFO: [ app_begin ] --END-- [ RunTime:0.002324s ]
SQL: SHOW COLUMNS FROM `tpshop_manager` [ RunTime:0.0438s ]
SQL: SELECT * FROM `tpshop_manager` WHERE `username` = 'admin' LIMIT 1   [ RunTime:0.0005s ]

[ 2017-12-02T16:59:47+08:00 ] 127.0.0.1 /index.php/Admin/Attribute/del/attr_id/15
ERR: 非法操作:del

[ 2017-12-02T17:05:54+08:00 ] 127.0.0.1 /index.php/Admin/Goods/getattr
INFO: [ app_begin ] --START--
INFO: Run Behavior\ReadHtmlCacheBehavior [ RunTime:0.001426s ]
INFO: [ app_begin ] --END-- [ RunTime:0.001996s ]
SQL: SHOW COLUMNS FROM `tpshop_auth` [ RunTime:0.0664s ]
SQL: SELECT * FROM `tpshop_auth` WHERE ( pid = 0 and is_nav = 1 )  [ RunTime:0.0007s ]
SQL: SELECT * FROM `tpshop_auth` WHERE ( pid > 0 and is_nav = 1 )  [ RunTime:0.0007s ]
SQL: SHOW COLUMNS FROM `tpshop_attribute` [ RunTime:0.0444s ]
SQL: SELECT * FROM `tpshop_attribute` WHERE `type_id` = 11  [ RunTime:0.0006s ]

[ 2017-12-02T18:32:51+08:00 ] 127.0.0.1 /index.php/Admin/Login/ajaxlogin
INFO: [ app_begin ] --START--
INFO: Run Behavior\ReadHtmlCacheBehavior [ RunTime:0.001760s ]
INFO: [ app_begin ] --END-- [ RunTime:0.002435s ]
SQL: SHOW COLUMNS FROM `tpshop_manager` [ RunTime:0.0584s ]
SQL: SELECT * FROM `tpshop_manager` WHERE `username` = 'admin' LIMIT 1   [ RunTime:0.0007s ]

[ 2017-12-02T18:33:26+08:00 ] 127.0.0.1 /index.php/Admin/Goods/getattr
INFO: [ app_begin ] --START--
INFO: Run Behavior\ReadHtmlCacheBehavior [ RunTime:0.001979s ]
INFO: [ app_begin ] --END-- [ RunTime:0.002921s ]
SQL: SHOW COLUMNS FROM `tpshop_auth` [ RunTime:0.0502s ]
SQL: SELECT * FROM `tpshop_auth` WHERE ( pid = 0 and is_nav = 1 )  [ RunTime:0.0007s ]
SQL: SELECT * FROM `tpshop_auth` WHERE ( pid > 0 and is_nav = 1 )  [ RunTime:0.0007s ]
SQL: SHOW COLUMNS FROM `tpshop_attribute` [ RunTime:0.0388s ]
SQL: SELECT * FROM `tpshop_attribute` WHERE `type_id` = 12  [ RunTime:0.0006s ]

[ 2017-12-02T18:33:29+08:00 ] 127.0.0.1 /index.php/Admin/Goods/getattr
INFO: [ app_begin ] --START--
INFO: Run Behavior\ReadHtmlCacheBehavior [ RunTime:0.001028s ]
INFO: [ app_begin ] --END-- [ RunTime:0.001509s ]
SQL: SHOW COLUMNS FROM `tpshop_auth` [ RunTime:0.0469s ]
SQL: SELECT * FROM `tpshop_auth` WHERE ( pid = 0 and is_nav = 1 )  [ RunTime:0.0007s ]
SQL: SELECT * FROM `tpshop_auth` WHERE ( pid > 0 and is_nav = 1 )  [ RunTime:0.0007s ]
SQL: SHOW COLUMNS FROM `tpshop_attribute` [ RunTime:0.0390s ]
SQL: SELECT * FROM `tpshop_attribute` WHERE `type_id` = 11  [ RunTime:0.0007s ]

[ 2017-12-02T18:35:52+08:00 ] 127.0.0.1 /index.php/Admin/Role/bootstrap-responsive.min.css
ERR: 非法操作:bootstrap-responsive.min.css

[ 2017-12-02T21:22:41+08:00 ] 127.0.0.1 /index.php/Admin/Login/ajaxlogin
INFO: [ app_begin ] --START--
INFO: Run Behavior\ReadHtmlCacheBehavior [ RunTime:0.001485s ]
INFO: [ app_begin ] --END-- [ RunTime:0.002100s ]
SQL: SHOW COLUMNS FROM `tpshop_manager` [ RunTime:0.1386s ]
SQL: SELECT * FROM `tpshop_manager` WHERE `username` = 'admin' LIMIT 1   [ RunTime:0.0004s ]

[ 2017-12-02T21:22:55+08:00 ] 127.0.0.1 /index.php/Admin/Goods/getattr
INFO: [ app_begin ] --START--
INFO: Run Behavior\ReadHtmlCacheBehavior [ RunTime:0.001617s ]
INFO: [ app_begin ] --END-- [ RunTime:0.002630s ]
SQL: SHOW COLUMNS FROM `tpshop_auth` [ RunTime:0.0339s ]
SQL: SELECT * FROM `tpshop_auth` WHERE ( pid = 0 and is_nav = 1 )  [ RunTime:0.0003s ]
SQL: SELECT * FROM `tpshop_auth` WHERE ( pid > 0 and is_nav = 1 )  [ RunTime:0.0003s ]
SQL: SHOW COLUMNS FROM `tpshop_attribute` [ RunTime:0.0259s ]
SQL: SELECT * FROM `tpshop_attribute` WHERE `type_id` = 11  [ RunTime:0.0003s ]

[ 2017-12-02T21:26:07+08:00 ] 127.0.0.1 /index.php/Admin/Role/bootstrap-responsive.min.css
ERR: 非法操作:bootstrap-responsive.min.css

